--------------- Clean Started: 02/23/2015 17:16:48 Project: bootloader, Configuration: ARM GCC 4.8.4 Release ---------------
Deleting file ".\CortexM0\ARM_GCC_484\Release\main.o"
Deleting file ".\CortexM0\ARM_GCC_484\Release\cyfitter_cfg.o"
Deleting file ".\CortexM0\ARM_GCC_484\Release\cymetadata.o"
Deleting file ".\CortexM0\ARM_GCC_484\Release\UART.o"
Deleting file ".\CortexM0\ARM_GCC_484\Release\UART_SPI_UART.o"
Deleting file ".\CortexM0\ARM_GCC_484\Release\UART_SPI_UART_INT.o"
Deleting file ".\CortexM0\ARM_GCC_484\Release\UART_PM.o"
Deleting file ".\CortexM0\ARM_GCC_484\Release\UART_UART.o"
Deleting file ".\CortexM0\ARM_GCC_484\Release\UART_BOOT.o"
Deleting file ".\CortexM0\ARM_GCC_484\Release\UART_UART_BOOT.o"
Deleting file ".\CortexM0\ARM_GCC_484\Release\Bootloader.o"
Deleting file ".\CortexM0\ARM_GCC_484\Release\EN.o"
Deleting file ".\CortexM0\ARM_GCC_484\Release\UART_tx.o"
Deleting file ".\CortexM0\ARM_GCC_484\Release\UART_rx.o"
Deleting file ".\CortexM0\ARM_GCC_484\Release\Cm0Start.o"
Deleting file ".\CortexM0\ARM_GCC_484\Release\CyBootAsmGnu.o"
Deleting file ".\CortexM0\ARM_GCC_484\Release\CyFlash.o"
Deleting file ".\CortexM0\ARM_GCC_484\Release\CyLib.o"
Deleting file ".\CortexM0\ARM_GCC_484\Release\cyPm.o"
Deleting file ".\CortexM0\ARM_GCC_484\Release\cyutils.o"
Deleting file ".\CortexM0\ARM_GCC_484\Release\UART_SCBCLK.o"
Deleting file ".\CortexM0\ARM_GCC_484\Release\bootloader.hex"
Deleting file ".\CortexM0\ARM_GCC_484\Release\bootloader.elf"
Deleting file ".\CortexM0\ARM_GCC_484\Release\bootloader.map"
Deleting file ".\bootloader.cycdx"
Deleting file ".\bootloader.rpt"
Deleting file ".\CortexM0\ARM_GCC_484\Release\.deps\C_FILE.P"
Deleting file ".\CortexM0\ARM_GCC_484\Release\.deps\ARM_C_FILE.P"
Deleting file ".\CortexM0\ARM_GCC_484\Release\.deps\GNU_ARM_ASM_FILE.P"
--------------- Clean Succeeded: 02/23/2015 17:16:49 ---------------
