--------------- Rebuild Started: 02/23/2015 17:14:32 Project: bootloader, Configuration: ARM GCC 4.8.4 Release ---------------
Deleting file ".\CortexM0\ARM_GCC_484\Release\main.o"
Deleting file ".\CortexM0\ARM_GCC_484\Release\cyfitter_cfg.o"
Deleting file ".\CortexM0\ARM_GCC_484\Release\cymetadata.o"
Deleting file ".\CortexM0\ARM_GCC_484\Release\UART.o"
Deleting file ".\CortexM0\ARM_GCC_484\Release\UART_SPI_UART.o"
Deleting file ".\CortexM0\ARM_GCC_484\Release\UART_SPI_UART_INT.o"
Deleting file ".\CortexM0\ARM_GCC_484\Release\UART_PM.o"
Deleting file ".\CortexM0\ARM_GCC_484\Release\UART_UART.o"
Deleting file ".\CortexM0\ARM_GCC_484\Release\UART_BOOT.o"
Deleting file ".\CortexM0\ARM_GCC_484\Release\UART_UART_BOOT.o"
Deleting file ".\CortexM0\ARM_GCC_484\Release\Bootloader.o"
Deleting file ".\CortexM0\ARM_GCC_484\Release\EN.o"
Deleting file ".\CortexM0\ARM_GCC_484\Release\UART_tx.o"
Deleting file ".\CortexM0\ARM_GCC_484\Release\UART_rx.o"
Deleting file ".\CortexM0\ARM_GCC_484\Release\Cm0Start.o"
Deleting file ".\CortexM0\ARM_GCC_484\Release\CyBootAsmGnu.o"
Deleting file ".\CortexM0\ARM_GCC_484\Release\CyFlash.o"
Deleting file ".\CortexM0\ARM_GCC_484\Release\CyLib.o"
Deleting file ".\CortexM0\ARM_GCC_484\Release\cyPm.o"
Deleting file ".\CortexM0\ARM_GCC_484\Release\cyutils.o"
Deleting file ".\CortexM0\ARM_GCC_484\Release\UART_SCBCLK.o"
Deleting file ".\CortexM0\ARM_GCC_484\Release\bootloader.hex"
Deleting file ".\CortexM0\ARM_GCC_484\Release\bootloader.elf"
Deleting file ".\CortexM0\ARM_GCC_484\Release\bootloader.map"
Deleting file ".\bootloader.cycdx"
Deleting file ".\bootloader.rpt"
Deleting file ".\CortexM0\ARM_GCC_484\Release\.deps\C_FILE.P"
Deleting file ".\CortexM0\ARM_GCC_484\Release\.deps\ARM_C_FILE.P"
Deleting file ".\CortexM0\ARM_GCC_484\Release\.deps\GNU_ARM_ASM_FILE.P"
cydsfit.exe -.appdatapath "C:\Users\Pablo\AppData\Local\Cypress Semiconductor\PSoC Creator\3.1" -.fdsnotice -.fdswarpdepfile=warp_dependencies.txt -.fdselabdepfile=elab_dependencies.txt -.fdsbldfile=generated_files.txt -p C:\Users\Pablo\Projects\EzTempRH-for-Raspberry-Pi\firmware\bootloader.cydsn\bootloader.cyprj -d CY8C4124PVI-442 -s C:\Users\Pablo\Projects\EzTempRH-for-Raspberry-Pi\firmware\bootloader.cydsn\Generated_Source\PSoC4 -- -yv2 -q10 -ygs -o2 -v3 -.fftcfgtype=LE
Elaborating Design...
HDL Generation ...
Synthesis ...
Place and Route ...
Tech mapping ...
Analog Placement ...
Analog Routing ...
Analog Code Generation ...
Digital Placement ...
Digital Routing ...
Info: pft.M0077: There is no timing information available for the selected device. Static timing checks will not be applied and digital routing will not be timing-driven. (App=cydsfit)
Bitstream Generation ...
Static timing analysis ...
API Generation ...
Dependency Generation ...
Clean Temporary Files ...
arm-none-eabi-gcc.exe -mcpu=cortex-m0 -mthumb -Wno-main -I. -I.\Generated_Source\PSoC4 -Wa,-alh=.\CortexM0\ARM_GCC_484\Release/main.lst -g -D NDEBUG -Wall -ffunction-sections -Os -c .\main.c -o .\CortexM0\ARM_GCC_484\Release\main.o
.\main.c: In function 'main':
.\main.c:42:1: warning: control reaches end of non-void function [-Wreturn-type]
 }
 ^
arm-none-eabi-gcc.exe -mcpu=cortex-m0 -mthumb -Wno-main -I. -I.\Generated_Source\PSoC4 -Wa,-alh=.\CortexM0\ARM_GCC_484\Release/cyfitter_cfg.lst -g -D NDEBUG -Wall -ffunction-sections -Os -c .\Generated_Source\PSoC4\cyfitter_cfg.c -o .\CortexM0\ARM_GCC_484\Release\cyfitter_cfg.o
arm-none-eabi-gcc.exe -mcpu=cortex-m0 -mthumb -Wno-main -I. -I.\Generated_Source\PSoC4 -Wa,-alh=.\CortexM0\ARM_GCC_484\Release/cymetadata.lst -g -D NDEBUG -Wall -ffunction-sections -Os -c .\Generated_Source\PSoC4\cymetadata.c -o .\CortexM0\ARM_GCC_484\Release\cymetadata.o
arm-none-eabi-gcc.exe -mcpu=cortex-m0 -mthumb -Wno-main -I. -I.\Generated_Source\PSoC4 -Wa,-alh=.\CortexM0\ARM_GCC_484\Release/UART.lst -g -D NDEBUG -Wall -ffunction-sections -Os -c .\Generated_Source\PSoC4\UART.c -o .\CortexM0\ARM_GCC_484\Release\UART.o
arm-none-eabi-gcc.exe -mcpu=cortex-m0 -mthumb -Wno-main -I. -I.\Generated_Source\PSoC4 -Wa,-alh=.\CortexM0\ARM_GCC_484\Release/UART_SPI_UART.lst -g -D NDEBUG -Wall -ffunction-sections -Os -c .\Generated_Source\PSoC4\UART_SPI_UART.c -o .\CortexM0\ARM_GCC_484\Release\UART_SPI_UART.o
arm-none-eabi-gcc.exe -mcpu=cortex-m0 -mthumb -Wno-main -I. -I.\Generated_Source\PSoC4 -Wa,-alh=.\CortexM0\ARM_GCC_484\Release/UART_SPI_UART_INT.lst -g -D NDEBUG -Wall -ffunction-sections -Os -c .\Generated_Source\PSoC4\UART_SPI_UART_INT.c -o .\CortexM0\ARM_GCC_484\Release\UART_SPI_UART_INT.o
arm-none-eabi-gcc.exe -mcpu=cortex-m0 -mthumb -Wno-main -I. -I.\Generated_Source\PSoC4 -Wa,-alh=.\CortexM0\ARM_GCC_484\Release/UART_PM.lst -g -D NDEBUG -Wall -ffunction-sections -Os -c .\Generated_Source\PSoC4\UART_PM.c -o .\CortexM0\ARM_GCC_484\Release\UART_PM.o
arm-none-eabi-gcc.exe -mcpu=cortex-m0 -mthumb -Wno-main -I. -I.\Generated_Source\PSoC4 -Wa,-alh=.\CortexM0\ARM_GCC_484\Release/UART_UART.lst -g -D NDEBUG -Wall -ffunction-sections -Os -c .\Generated_Source\PSoC4\UART_UART.c -o .\CortexM0\ARM_GCC_484\Release\UART_UART.o
arm-none-eabi-gcc.exe -mcpu=cortex-m0 -mthumb -Wno-main -I. -I.\Generated_Source\PSoC4 -Wa,-alh=.\CortexM0\ARM_GCC_484\Release/UART_BOOT.lst -g -D NDEBUG -Wall -ffunction-sections -Os -c .\Generated_Source\PSoC4\UART_BOOT.c -o .\CortexM0\ARM_GCC_484\Release\UART_BOOT.o
arm-none-eabi-gcc.exe -mcpu=cortex-m0 -mthumb -Wno-main -I. -I.\Generated_Source\PSoC4 -Wa,-alh=.\CortexM0\ARM_GCC_484\Release/UART_UART_BOOT.lst -g -D NDEBUG -Wall -ffunction-sections -Os -c .\Generated_Source\PSoC4\UART_UART_BOOT.c -o .\CortexM0\ARM_GCC_484\Release\UART_UART_BOOT.o
arm-none-eabi-gcc.exe -mcpu=cortex-m0 -mthumb -Wno-main -I. -I.\Generated_Source\PSoC4 -Wa,-alh=.\CortexM0\ARM_GCC_484\Release/Bootloader.lst -g -D NDEBUG -Wall -ffunction-sections -Os -c .\Generated_Source\PSoC4\Bootloader.c -o .\CortexM0\ARM_GCC_484\Release\Bootloader.o
arm-none-eabi-gcc.exe -mcpu=cortex-m0 -mthumb -Wno-main -I. -I.\Generated_Source\PSoC4 -Wa,-alh=.\CortexM0\ARM_GCC_484\Release/EN.lst -g -D NDEBUG -Wall -ffunction-sections -Os -c .\Generated_Source\PSoC4\EN.c -o .\CortexM0\ARM_GCC_484\Release\EN.o
arm-none-eabi-gcc.exe -mcpu=cortex-m0 -mthumb -Wno-main -I. -I.\Generated_Source\PSoC4 -Wa,-alh=.\CortexM0\ARM_GCC_484\Release/UART_tx.lst -g -D NDEBUG -Wall -ffunction-sections -Os -c .\Generated_Source\PSoC4\UART_tx.c -o .\CortexM0\ARM_GCC_484\Release\UART_tx.o
arm-none-eabi-gcc.exe -mcpu=cortex-m0 -mthumb -Wno-main -I. -I.\Generated_Source\PSoC4 -Wa,-alh=.\CortexM0\ARM_GCC_484\Release/UART_rx.lst -g -D NDEBUG -Wall -ffunction-sections -Os -c .\Generated_Source\PSoC4\UART_rx.c -o .\CortexM0\ARM_GCC_484\Release\UART_rx.o
arm-none-eabi-gcc.exe -mcpu=cortex-m0 -mthumb -Wno-main -I. -I.\Generated_Source\PSoC4 -Wa,-alh=.\CortexM0\ARM_GCC_484\Release/Cm0Start.lst -g -D NDEBUG -Wall -ffunction-sections -Os -c .\Generated_Source\PSoC4\Cm0Start.c -o .\CortexM0\ARM_GCC_484\Release\Cm0Start.o
arm-none-eabi-as.exe -mcpu=cortex-m0 -mthumb -I. -I.\Generated_Source\PSoC4 -alh=.\CortexM0\ARM_GCC_484\Release/CyBootAsmGnu.lst -g -o .\CortexM0\ARM_GCC_484\Release\CyBootAsmGnu.o .\Generated_Source\PSoC4\CyBootAsmGnu.s
arm-none-eabi-gcc.exe -mcpu=cortex-m0 -mthumb -Wno-main -I. -I.\Generated_Source\PSoC4 -Wa,-alh=.\CortexM0\ARM_GCC_484\Release/CyFlash.lst -g -D NDEBUG -Wall -ffunction-sections -Os -c .\Generated_Source\PSoC4\CyFlash.c -o .\CortexM0\ARM_GCC_484\Release\CyFlash.o
arm-none-eabi-gcc.exe -mcpu=cortex-m0 -mthumb -Wno-main -I. -I.\Generated_Source\PSoC4 -Wa,-alh=.\CortexM0\ARM_GCC_484\Release/CyLib.lst -g -D NDEBUG -Wall -ffunction-sections -Os -c .\Generated_Source\PSoC4\CyLib.c -o .\CortexM0\ARM_GCC_484\Release\CyLib.o
arm-none-eabi-gcc.exe -mcpu=cortex-m0 -mthumb -Wno-main -I. -I.\Generated_Source\PSoC4 -Wa,-alh=.\CortexM0\ARM_GCC_484\Release/cyPm.lst -g -D NDEBUG -Wall -ffunction-sections -Os -c .\Generated_Source\PSoC4\cyPm.c -o .\CortexM0\ARM_GCC_484\Release\cyPm.o
arm-none-eabi-gcc.exe -mcpu=cortex-m0 -mthumb -Wno-main -I. -I.\Generated_Source\PSoC4 -Wa,-alh=.\CortexM0\ARM_GCC_484\Release/cyutils.lst -g -D NDEBUG -Wall -ffunction-sections -Os -c .\Generated_Source\PSoC4\cyutils.c -o .\CortexM0\ARM_GCC_484\Release\cyutils.o
arm-none-eabi-gcc.exe -mcpu=cortex-m0 -mthumb -Wno-main -I. -I.\Generated_Source\PSoC4 -Wa,-alh=.\CortexM0\ARM_GCC_484\Release/UART_SCBCLK.lst -g -D NDEBUG -Wall -ffunction-sections -Os -c .\Generated_Source\PSoC4\UART_SCBCLK.c -o .\CortexM0\ARM_GCC_484\Release\UART_SCBCLK.o
arm-none-eabi-ar.exe -rs .\CortexM0\ARM_GCC_484\Release\bootloader.a .\CortexM0\ARM_GCC_484\Release\cyfitter_cfg.o .\CortexM0\ARM_GCC_484\Release\UART.o .\CortexM0\ARM_GCC_484\Release\UART_SPI_UART.o .\CortexM0\ARM_GCC_484\Release\UART_SPI_UART_INT.o .\CortexM0\ARM_GCC_484\Release\UART_PM.o .\CortexM0\ARM_GCC_484\Release\UART_UART.o .\CortexM0\ARM_GCC_484\Release\UART_BOOT.o .\CortexM0\ARM_GCC_484\Release\UART_UART_BOOT.o .\CortexM0\ARM_GCC_484\Release\Bootloader.o .\CortexM0\ARM_GCC_484\Release\EN.o .\CortexM0\ARM_GCC_484\Release\UART_tx.o .\CortexM0\ARM_GCC_484\Release\UART_rx.o .\CortexM0\ARM_GCC_484\Release\CyBootAsmGnu.o .\CortexM0\ARM_GCC_484\Release\CyFlash.o .\CortexM0\ARM_GCC_484\Release\CyLib.o .\CortexM0\ARM_GCC_484\Release\cyPm.o .\CortexM0\ARM_GCC_484\Release\cyutils.o .\CortexM0\ARM_GCC_484\Release\UART_SCBCLK.o
arm-none-eabi-ar.exe: creating .\CortexM0\ARM_GCC_484\Release\bootloader.a
arm-none-eabi-gcc.exe -Wl,--start-group -o .\CortexM0\ARM_GCC_484\Release\bootloader.elf .\CortexM0\ARM_GCC_484\Release\main.o .\CortexM0\ARM_GCC_484\Release\cymetadata.o .\CortexM0\ARM_GCC_484\Release\Cm0Start.o .\CortexM0\ARM_GCC_484\Release\bootloader.a "C:\Program Files (x86)\Cypress\PSoC Creator\3.1\PSoC Creator\psoc\content\cycomponentlibrary\CyComponentLibrary.cylib\CortexM0\ARM_GCC_484\Release\CyComponentLibrary.a" -mthumb -march=armv6-m -Wl,-Map,.\CortexM0\ARM_GCC_484\Release/bootloader.map -T .\Generated_Source\PSoC4\cm0gcc.ld -g -specs=nano.specs "-u _printf_float" "" -Wl,--gc-sections -Wl,--end-group
cyelftool.exe -P C:\Users\Pablo\Projects\EzTempRH-for-Raspberry-Pi\firmware\bootloader.cydsn\CortexM0\ARM_GCC_484\Release\bootloader.elf --flash_row_size 128 --flash_size 16384 --size_var_name Bootloader_SizeBytes --checksum_var_name Bootloader_Checksum --ignore 0xC0
cyelftool.exe -S C:\Users\Pablo\Projects\EzTempRH-for-Raspberry-Pi\firmware\bootloader.cydsn\CortexM0\ARM_GCC_484\Release\bootloader.elf
Flash used: 3296 of 16384 bytes (20,1 %).
SRAM used: 1552 of 4096 bytes (37,9 %). Stack: 1024 bytes. Heap: 256 bytes.
--------------- Rebuild Succeeded: 02/23/2015 17:14:48 ---------------
