ARM GAS  C:\Users\Pablo\AppData\Local\Temp\ccdC7ZjE.s 			page 1


   1              		.cpu cortex-m0
   2              		.fpu softvfp
   3              		.eabi_attribute 20, 1
   4              		.eabi_attribute 21, 1
   5              		.eabi_attribute 23, 3
   6              		.eabi_attribute 24, 1
   7              		.eabi_attribute 25, 1
   8              		.eabi_attribute 26, 1
   9              		.eabi_attribute 30, 4
  10              		.eabi_attribute 34, 0
  11              		.eabi_attribute 18, 4
  12              		.code	16
  13              		.file	"AMux.c"
  14              		.text
  15              	.Ltext0:
  16              		.cfi_sections	.debug_frame
  17              		.section	.text.AMux_Start,"ax",%progbits
  18              		.align	1
  19              		.global	AMux_Start
  20              		.code	16
  21              		.thumb_func
  22              		.type	AMux_Start, %function
  23              	AMux_Start:
  24              	.LFB0:
  25              		.file 1 ".\\Generated_Source\\PSoC4\\AMux.c"
   1:.\Generated_Source\PSoC4/AMux.c **** /*******************************************************************************
   2:.\Generated_Source\PSoC4/AMux.c **** * File Name: AMux.c
   3:.\Generated_Source\PSoC4/AMux.c **** * Version 1.80
   4:.\Generated_Source\PSoC4/AMux.c **** *
   5:.\Generated_Source\PSoC4/AMux.c **** *  Description:
   6:.\Generated_Source\PSoC4/AMux.c **** *    This file contains functions for the AMuxSeq.
   7:.\Generated_Source\PSoC4/AMux.c **** *
   8:.\Generated_Source\PSoC4/AMux.c **** *   Note:
   9:.\Generated_Source\PSoC4/AMux.c **** *
  10:.\Generated_Source\PSoC4/AMux.c **** *******************************************************************************
  11:.\Generated_Source\PSoC4/AMux.c **** * Copyright 2008-2010, Cypress Semiconductor Corporation.  All rights reserved.
  12:.\Generated_Source\PSoC4/AMux.c **** * You may use this file only in accordance with the license, terms, conditions, 
  13:.\Generated_Source\PSoC4/AMux.c **** * disclaimers, and limitations in the end user license agreement accompanying 
  14:.\Generated_Source\PSoC4/AMux.c **** * the software package with which this file was provided.
  15:.\Generated_Source\PSoC4/AMux.c **** ********************************************************************************/
  16:.\Generated_Source\PSoC4/AMux.c **** 
  17:.\Generated_Source\PSoC4/AMux.c **** #include "AMux.h"
  18:.\Generated_Source\PSoC4/AMux.c **** 
  19:.\Generated_Source\PSoC4/AMux.c **** uint8 AMux_initVar = 0u;
  20:.\Generated_Source\PSoC4/AMux.c **** 
  21:.\Generated_Source\PSoC4/AMux.c **** 
  22:.\Generated_Source\PSoC4/AMux.c **** /*******************************************************************************
  23:.\Generated_Source\PSoC4/AMux.c **** * Function Name: AMux_Start
  24:.\Generated_Source\PSoC4/AMux.c **** ********************************************************************************
  25:.\Generated_Source\PSoC4/AMux.c **** * Summary:
  26:.\Generated_Source\PSoC4/AMux.c **** *  Disconnect all channels. The next time Next is called, channel 0 will be
  27:.\Generated_Source\PSoC4/AMux.c **** *  connected.
  28:.\Generated_Source\PSoC4/AMux.c **** *
  29:.\Generated_Source\PSoC4/AMux.c **** * Parameters:
  30:.\Generated_Source\PSoC4/AMux.c **** *  void
  31:.\Generated_Source\PSoC4/AMux.c **** *
  32:.\Generated_Source\PSoC4/AMux.c **** * Return:
ARM GAS  C:\Users\Pablo\AppData\Local\Temp\ccdC7ZjE.s 			page 2


  33:.\Generated_Source\PSoC4/AMux.c **** *  void
  34:.\Generated_Source\PSoC4/AMux.c **** *
  35:.\Generated_Source\PSoC4/AMux.c **** *******************************************************************************/
  36:.\Generated_Source\PSoC4/AMux.c **** void AMux_Start(void)
  37:.\Generated_Source\PSoC4/AMux.c **** {
  26              		.loc 1 37 0
  27              		.cfi_startproc
  28 0000 08B5     		push	{r3, lr}
  29              		.cfi_def_cfa_offset 8
  30              		.cfi_offset 3, -8
  31              		.cfi_offset 14, -4
  38:.\Generated_Source\PSoC4/AMux.c ****     AMux_DisconnectAll();
  32              		.loc 1 38 0
  33 0002 FFF7FEFF 		bl	AMux_DisconnectAll
  34              	.LVL0:
  39:.\Generated_Source\PSoC4/AMux.c ****     AMux_initVar = 1u;
  35              		.loc 1 39 0
  36 0006 024B     		ldr	r3, .L2
  37 0008 0122     		mov	r2, #1
  38 000a 1A70     		strb	r2, [r3]
  40:.\Generated_Source\PSoC4/AMux.c **** }
  39              		.loc 1 40 0
  40              		@ sp needed
  41 000c 08BD     		pop	{r3, pc}
  42              	.L3:
  43 000e C046     		.align	2
  44              	.L2:
  45 0010 00000000 		.word	.LANCHOR0
  46              		.cfi_endproc
  47              	.LFE0:
  48              		.size	AMux_Start, .-AMux_Start
  49              		.section	.text.AMux_Init,"ax",%progbits
  50              		.align	1
  51              		.global	AMux_Init
  52              		.code	16
  53              		.thumb_func
  54              		.type	AMux_Init, %function
  55              	AMux_Init:
  56              	.LFB1:
  41:.\Generated_Source\PSoC4/AMux.c **** 
  42:.\Generated_Source\PSoC4/AMux.c **** 
  43:.\Generated_Source\PSoC4/AMux.c **** /*******************************************************************************
  44:.\Generated_Source\PSoC4/AMux.c **** * Function Name: AMux_Init
  45:.\Generated_Source\PSoC4/AMux.c **** ********************************************************************************
  46:.\Generated_Source\PSoC4/AMux.c **** * Summary:
  47:.\Generated_Source\PSoC4/AMux.c **** *  Disconnect all channels. The next time Next is called, channel 0 will be
  48:.\Generated_Source\PSoC4/AMux.c **** *  connected.
  49:.\Generated_Source\PSoC4/AMux.c **** *
  50:.\Generated_Source\PSoC4/AMux.c **** * Parameters:
  51:.\Generated_Source\PSoC4/AMux.c **** *  void
  52:.\Generated_Source\PSoC4/AMux.c **** *
  53:.\Generated_Source\PSoC4/AMux.c **** * Return:
  54:.\Generated_Source\PSoC4/AMux.c **** *  void
  55:.\Generated_Source\PSoC4/AMux.c **** *
  56:.\Generated_Source\PSoC4/AMux.c **** *******************************************************************************/
  57:.\Generated_Source\PSoC4/AMux.c **** void AMux_Init(void)
  58:.\Generated_Source\PSoC4/AMux.c **** {
ARM GAS  C:\Users\Pablo\AppData\Local\Temp\ccdC7ZjE.s 			page 3


  57              		.loc 1 58 0
  58              		.cfi_startproc
  59 0000 08B5     		push	{r3, lr}
  60              		.cfi_def_cfa_offset 8
  61              		.cfi_offset 3, -8
  62              		.cfi_offset 14, -4
  59:.\Generated_Source\PSoC4/AMux.c ****     AMux_DisconnectAll();
  63              		.loc 1 59 0
  64 0002 FFF7FEFF 		bl	AMux_DisconnectAll
  65              	.LVL1:
  60:.\Generated_Source\PSoC4/AMux.c **** }
  66              		.loc 1 60 0
  67              		@ sp needed
  68 0006 08BD     		pop	{r3, pc}
  69              		.cfi_endproc
  70              	.LFE1:
  71              		.size	AMux_Init, .-AMux_Init
  72              		.section	.text.AMux_Stop,"ax",%progbits
  73              		.align	1
  74              		.global	AMux_Stop
  75              		.code	16
  76              		.thumb_func
  77              		.type	AMux_Stop, %function
  78              	AMux_Stop:
  79              	.LFB2:
  61:.\Generated_Source\PSoC4/AMux.c **** 
  62:.\Generated_Source\PSoC4/AMux.c **** 
  63:.\Generated_Source\PSoC4/AMux.c **** /*******************************************************************************
  64:.\Generated_Source\PSoC4/AMux.c **** * Function Name: AMux_Stop
  65:.\Generated_Source\PSoC4/AMux.c **** ********************************************************************************
  66:.\Generated_Source\PSoC4/AMux.c **** * Summary:
  67:.\Generated_Source\PSoC4/AMux.c **** *  Disconnect all channels. The next time Next is called, channel 0 will be
  68:.\Generated_Source\PSoC4/AMux.c **** *  connected.
  69:.\Generated_Source\PSoC4/AMux.c **** *
  70:.\Generated_Source\PSoC4/AMux.c **** * Parameters:
  71:.\Generated_Source\PSoC4/AMux.c **** *  void
  72:.\Generated_Source\PSoC4/AMux.c **** *
  73:.\Generated_Source\PSoC4/AMux.c **** * Return:
  74:.\Generated_Source\PSoC4/AMux.c **** *  void
  75:.\Generated_Source\PSoC4/AMux.c **** *
  76:.\Generated_Source\PSoC4/AMux.c **** *******************************************************************************/
  77:.\Generated_Source\PSoC4/AMux.c **** void AMux_Stop(void)
  78:.\Generated_Source\PSoC4/AMux.c **** {
  80              		.loc 1 78 0
  81              		.cfi_startproc
  82 0000 08B5     		push	{r3, lr}
  83              		.cfi_def_cfa_offset 8
  84              		.cfi_offset 3, -8
  85              		.cfi_offset 14, -4
  79:.\Generated_Source\PSoC4/AMux.c ****     AMux_DisconnectAll();
  86              		.loc 1 79 0
  87 0002 FFF7FEFF 		bl	AMux_DisconnectAll
  88              	.LVL2:
  80:.\Generated_Source\PSoC4/AMux.c **** }
  89              		.loc 1 80 0
  90              		@ sp needed
  91 0006 08BD     		pop	{r3, pc}
ARM GAS  C:\Users\Pablo\AppData\Local\Temp\ccdC7ZjE.s 			page 4


  92              		.cfi_endproc
  93              	.LFE2:
  94              		.size	AMux_Stop, .-AMux_Stop
  95              		.section	.text.AMux_GetChannel,"ax",%progbits
  96              		.align	1
  97              		.global	AMux_GetChannel
  98              		.code	16
  99              		.thumb_func
 100              		.type	AMux_GetChannel, %function
 101              	AMux_GetChannel:
 102              	.LFB3:
  81:.\Generated_Source\PSoC4/AMux.c **** 
  82:.\Generated_Source\PSoC4/AMux.c **** #if (AMux_MUXTYPE == AMux_MUX_DIFF)
  83:.\Generated_Source\PSoC4/AMux.c **** 
  84:.\Generated_Source\PSoC4/AMux.c **** /*******************************************************************************
  85:.\Generated_Source\PSoC4/AMux.c **** * Function Name: AMux_Next
  86:.\Generated_Source\PSoC4/AMux.c **** ********************************************************************************
  87:.\Generated_Source\PSoC4/AMux.c **** * Summary:
  88:.\Generated_Source\PSoC4/AMux.c **** *  Disconnects the previous channel and connects the next one in the sequence.
  89:.\Generated_Source\PSoC4/AMux.c **** *  When Next is called for the first time after Init, Start, Enable, Stop, or
  90:.\Generated_Source\PSoC4/AMux.c **** *  DisconnectAll, it connects channel 0.
  91:.\Generated_Source\PSoC4/AMux.c **** *
  92:.\Generated_Source\PSoC4/AMux.c **** * Parameters:
  93:.\Generated_Source\PSoC4/AMux.c **** *  void
  94:.\Generated_Source\PSoC4/AMux.c **** *
  95:.\Generated_Source\PSoC4/AMux.c **** * Return:
  96:.\Generated_Source\PSoC4/AMux.c **** *  void
  97:.\Generated_Source\PSoC4/AMux.c **** *
  98:.\Generated_Source\PSoC4/AMux.c **** *******************************************************************************/
  99:.\Generated_Source\PSoC4/AMux.c **** void AMux_Next(void)
 100:.\Generated_Source\PSoC4/AMux.c **** {
 101:.\Generated_Source\PSoC4/AMux.c ****     AMux_CYAMUXSIDE_A_Next();
 102:.\Generated_Source\PSoC4/AMux.c ****     AMux_CYAMUXSIDE_B_Next();
 103:.\Generated_Source\PSoC4/AMux.c **** }
 104:.\Generated_Source\PSoC4/AMux.c **** 
 105:.\Generated_Source\PSoC4/AMux.c **** 
 106:.\Generated_Source\PSoC4/AMux.c **** /*******************************************************************************
 107:.\Generated_Source\PSoC4/AMux.c **** * Function Name: AMux_DisconnectAll
 108:.\Generated_Source\PSoC4/AMux.c **** ********************************************************************************
 109:.\Generated_Source\PSoC4/AMux.c **** * Summary:
 110:.\Generated_Source\PSoC4/AMux.c **** *  This function disconnects all channels. The next time Next is called, channel
 111:.\Generated_Source\PSoC4/AMux.c **** *  0 will be connected.
 112:.\Generated_Source\PSoC4/AMux.c **** *
 113:.\Generated_Source\PSoC4/AMux.c **** * Parameters:
 114:.\Generated_Source\PSoC4/AMux.c **** *  void
 115:.\Generated_Source\PSoC4/AMux.c **** *
 116:.\Generated_Source\PSoC4/AMux.c **** * Return:
 117:.\Generated_Source\PSoC4/AMux.c **** *  void
 118:.\Generated_Source\PSoC4/AMux.c **** *
 119:.\Generated_Source\PSoC4/AMux.c **** *******************************************************************************/
 120:.\Generated_Source\PSoC4/AMux.c **** void AMux_DisconnectAll(void)
 121:.\Generated_Source\PSoC4/AMux.c **** {
 122:.\Generated_Source\PSoC4/AMux.c ****     AMux_CYAMUXSIDE_A_DisconnectAll();
 123:.\Generated_Source\PSoC4/AMux.c ****     AMux_CYAMUXSIDE_B_DisconnectAll();
 124:.\Generated_Source\PSoC4/AMux.c **** }
 125:.\Generated_Source\PSoC4/AMux.c **** 
 126:.\Generated_Source\PSoC4/AMux.c **** 
ARM GAS  C:\Users\Pablo\AppData\Local\Temp\ccdC7ZjE.s 			page 5


 127:.\Generated_Source\PSoC4/AMux.c **** /*******************************************************************************
 128:.\Generated_Source\PSoC4/AMux.c **** * Function Name: AMux_GetChannel
 129:.\Generated_Source\PSoC4/AMux.c **** ********************************************************************************
 130:.\Generated_Source\PSoC4/AMux.c **** * Summary:
 131:.\Generated_Source\PSoC4/AMux.c **** *  The currently connected channel is retuned. If no channel is connected
 132:.\Generated_Source\PSoC4/AMux.c **** *  returns -1.
 133:.\Generated_Source\PSoC4/AMux.c **** *
 134:.\Generated_Source\PSoC4/AMux.c **** * Parameters:
 135:.\Generated_Source\PSoC4/AMux.c **** *  void
 136:.\Generated_Source\PSoC4/AMux.c **** *
 137:.\Generated_Source\PSoC4/AMux.c **** * Return:
 138:.\Generated_Source\PSoC4/AMux.c **** *  The current channel or -1.
 139:.\Generated_Source\PSoC4/AMux.c **** *
 140:.\Generated_Source\PSoC4/AMux.c **** *******************************************************************************/
 141:.\Generated_Source\PSoC4/AMux.c **** int8 AMux_GetChannel(void)
 142:.\Generated_Source\PSoC4/AMux.c **** {
 143:.\Generated_Source\PSoC4/AMux.c ****     return AMux_CYAMUXSIDE_A_curChannel;
 144:.\Generated_Source\PSoC4/AMux.c **** }
 145:.\Generated_Source\PSoC4/AMux.c **** 
 146:.\Generated_Source\PSoC4/AMux.c **** #else
 147:.\Generated_Source\PSoC4/AMux.c **** 
 148:.\Generated_Source\PSoC4/AMux.c **** /*******************************************************************************
 149:.\Generated_Source\PSoC4/AMux.c **** * Function Name: AMux_GetChannel
 150:.\Generated_Source\PSoC4/AMux.c **** ********************************************************************************
 151:.\Generated_Source\PSoC4/AMux.c **** * Summary:
 152:.\Generated_Source\PSoC4/AMux.c **** *  The currently connected channel is retuned. If no channel is connected
 153:.\Generated_Source\PSoC4/AMux.c **** *  returns -1.
 154:.\Generated_Source\PSoC4/AMux.c **** *
 155:.\Generated_Source\PSoC4/AMux.c **** * Parameters:
 156:.\Generated_Source\PSoC4/AMux.c **** *  void
 157:.\Generated_Source\PSoC4/AMux.c **** *
 158:.\Generated_Source\PSoC4/AMux.c **** * Return:
 159:.\Generated_Source\PSoC4/AMux.c **** *  The current channel or -1.
 160:.\Generated_Source\PSoC4/AMux.c **** *
 161:.\Generated_Source\PSoC4/AMux.c **** *******************************************************************************/
 162:.\Generated_Source\PSoC4/AMux.c **** int8 AMux_GetChannel(void)
 163:.\Generated_Source\PSoC4/AMux.c **** {
 103              		.loc 1 163 0
 104              		.cfi_startproc
 164:.\Generated_Source\PSoC4/AMux.c ****     return AMux_curChannel;
 105              		.loc 1 164 0
 106 0000 014B     		ldr	r3, .L7
 107 0002 0020     		mov	r0, #0
 108 0004 1856     		ldrsb	r0, [r3, r0]
 165:.\Generated_Source\PSoC4/AMux.c **** }
 109              		.loc 1 165 0
 110              		@ sp needed
 111 0006 7047     		bx	lr
 112              	.L8:
 113              		.align	2
 114              	.L7:
 115 0008 00000000 		.word	AMux_curChannel
 116              		.cfi_endproc
 117              	.LFE3:
 118              		.size	AMux_GetChannel, .-AMux_GetChannel
 119              		.global	AMux_initVar
 120              		.bss
ARM GAS  C:\Users\Pablo\AppData\Local\Temp\ccdC7ZjE.s 			page 6


 121              		.set	.LANCHOR0,. + 0
 122              		.type	AMux_initVar, %object
 123              		.size	AMux_initVar, 1
 124              	AMux_initVar:
 125 0000 00       		.space	1
 126              		.text
 127              	.Letext0:
 128              		.file 2 ".\\Generated_Source\\PSoC4\\cytypes.h"
 129              		.file 3 ".\\Generated_Source\\PSoC4\\cyfitter_cfg.h"
 130              		.section	.debug_info,"",%progbits
 131              	.Ldebug_info0:
 132 0000 28010000 		.4byte	0x128
 133 0004 0400     		.2byte	0x4
 134 0006 00000000 		.4byte	.Ldebug_abbrev0
 135 000a 04       		.byte	0x4
 136 000b 01       		.uleb128 0x1
 137 000c 3D000000 		.4byte	.LASF19
 138 0010 01       		.byte	0x1
 139 0011 0A000000 		.4byte	.LASF20
 140 0015 54010000 		.4byte	.LASF21
 141 0019 00000000 		.4byte	.Ldebug_ranges0+0
 142 001d 00000000 		.4byte	0
 143 0021 00000000 		.4byte	.Ldebug_line0
 144 0025 02       		.uleb128 0x2
 145 0026 01       		.byte	0x1
 146 0027 06       		.byte	0x6
 147 0028 D5010000 		.4byte	.LASF0
 148 002c 02       		.uleb128 0x2
 149 002d 01       		.byte	0x1
 150 002e 08       		.byte	0x8
 151 002f BF000000 		.4byte	.LASF1
 152 0033 02       		.uleb128 0x2
 153 0034 02       		.byte	0x2
 154 0035 05       		.byte	0x5
 155 0036 BC010000 		.4byte	.LASF2
 156 003a 02       		.uleb128 0x2
 157 003b 02       		.byte	0x2
 158 003c 07       		.byte	0x7
 159 003d EA000000 		.4byte	.LASF3
 160 0041 02       		.uleb128 0x2
 161 0042 04       		.byte	0x4
 162 0043 05       		.byte	0x5
 163 0044 CC010000 		.4byte	.LASF4
 164 0048 02       		.uleb128 0x2
 165 0049 04       		.byte	0x4
 166 004a 07       		.byte	0x7
 167 004b D8000000 		.4byte	.LASF5
 168 004f 02       		.uleb128 0x2
 169 0050 08       		.byte	0x8
 170 0051 05       		.byte	0x5
 171 0052 99010000 		.4byte	.LASF6
 172 0056 02       		.uleb128 0x2
 173 0057 08       		.byte	0x8
 174 0058 07       		.byte	0x7
 175 0059 26010000 		.4byte	.LASF7
 176 005d 03       		.uleb128 0x3
 177 005e 04       		.byte	0x4
ARM GAS  C:\Users\Pablo\AppData\Local\Temp\ccdC7ZjE.s 			page 7


 178 005f 05       		.byte	0x5
 179 0060 696E7400 		.ascii	"int\000"
 180 0064 02       		.uleb128 0x2
 181 0065 04       		.byte	0x4
 182 0066 07       		.byte	0x7
 183 0067 19010000 		.4byte	.LASF8
 184 006b 04       		.uleb128 0x4
 185 006c C6010000 		.4byte	.LASF9
 186 0070 02       		.byte	0x2
 187 0071 A1       		.byte	0xa1
 188 0072 2C000000 		.4byte	0x2c
 189 0076 04       		.uleb128 0x4
 190 0077 14010000 		.4byte	.LASF10
 191 007b 02       		.byte	0x2
 192 007c A4       		.byte	0xa4
 193 007d 25000000 		.4byte	0x25
 194 0081 02       		.uleb128 0x2
 195 0082 04       		.byte	0x4
 196 0083 04       		.byte	0x4
 197 0084 B9000000 		.4byte	.LASF11
 198 0088 02       		.uleb128 0x2
 199 0089 08       		.byte	0x8
 200 008a 04       		.byte	0x4
 201 008b 0D010000 		.4byte	.LASF12
 202 008f 02       		.uleb128 0x2
 203 0090 01       		.byte	0x1
 204 0091 08       		.byte	0x8
 205 0092 B7010000 		.4byte	.LASF13
 206 0096 05       		.uleb128 0x5
 207 0097 CD000000 		.4byte	.LASF14
 208 009b 01       		.byte	0x1
 209 009c 24       		.byte	0x24
 210 009d 00000000 		.4byte	.LFB0
 211 00a1 14000000 		.4byte	.LFE0-.LFB0
 212 00a5 01       		.uleb128 0x1
 213 00a6 9C       		.byte	0x9c
 214 00a7 B5000000 		.4byte	0xb5
 215 00ab 06       		.uleb128 0x6
 216 00ac 06000000 		.4byte	.LVL0
 217 00b0 24010000 		.4byte	0x124
 218 00b4 00       		.byte	0
 219 00b5 05       		.uleb128 0x5
 220 00b6 4A010000 		.4byte	.LASF15
 221 00ba 01       		.byte	0x1
 222 00bb 39       		.byte	0x39
 223 00bc 00000000 		.4byte	.LFB1
 224 00c0 08000000 		.4byte	.LFE1-.LFB1
 225 00c4 01       		.uleb128 0x1
 226 00c5 9C       		.byte	0x9c
 227 00c6 D4000000 		.4byte	0xd4
 228 00ca 06       		.uleb128 0x6
 229 00cb 06000000 		.4byte	.LVL1
 230 00cf 24010000 		.4byte	0x124
 231 00d3 00       		.byte	0
 232 00d4 05       		.uleb128 0x5
 233 00d5 00000000 		.4byte	.LASF16
 234 00d9 01       		.byte	0x1
ARM GAS  C:\Users\Pablo\AppData\Local\Temp\ccdC7ZjE.s 			page 8


 235 00da 4D       		.byte	0x4d
 236 00db 00000000 		.4byte	.LFB2
 237 00df 08000000 		.4byte	.LFE2-.LFB2
 238 00e3 01       		.uleb128 0x1
 239 00e4 9C       		.byte	0x9c
 240 00e5 F3000000 		.4byte	0xf3
 241 00e9 06       		.uleb128 0x6
 242 00ea 06000000 		.4byte	.LVL2
 243 00ee 24010000 		.4byte	0x124
 244 00f2 00       		.byte	0
 245 00f3 07       		.uleb128 0x7
 246 00f4 A7010000 		.4byte	.LASF22
 247 00f8 01       		.byte	0x1
 248 00f9 A2       		.byte	0xa2
 249 00fa 76000000 		.4byte	0x76
 250 00fe 00000000 		.4byte	.LFB3
 251 0102 0C000000 		.4byte	.LFE3-.LFB3
 252 0106 01       		.uleb128 0x1
 253 0107 9C       		.byte	0x9c
 254 0108 08       		.uleb128 0x8
 255 0109 FD000000 		.4byte	.LASF17
 256 010d 03       		.byte	0x3
 257 010e 19       		.byte	0x19
 258 010f 76000000 		.4byte	0x76
 259 0113 09       		.uleb128 0x9
 260 0114 3D010000 		.4byte	.LASF18
 261 0118 01       		.byte	0x1
 262 0119 13       		.byte	0x13
 263 011a 6B000000 		.4byte	0x6b
 264 011e 05       		.uleb128 0x5
 265 011f 03       		.byte	0x3
 266 0120 00000000 		.4byte	AMux_initVar
 267 0124 0A       		.uleb128 0xa
 268 0125 2A000000 		.4byte	.LASF23
 269 0129 03       		.byte	0x3
 270 012a 18       		.byte	0x18
 271 012b 00       		.byte	0
 272              		.section	.debug_abbrev,"",%progbits
 273              	.Ldebug_abbrev0:
 274 0000 01       		.uleb128 0x1
 275 0001 11       		.uleb128 0x11
 276 0002 01       		.byte	0x1
 277 0003 25       		.uleb128 0x25
 278 0004 0E       		.uleb128 0xe
 279 0005 13       		.uleb128 0x13
 280 0006 0B       		.uleb128 0xb
 281 0007 03       		.uleb128 0x3
 282 0008 0E       		.uleb128 0xe
 283 0009 1B       		.uleb128 0x1b
 284 000a 0E       		.uleb128 0xe
 285 000b 55       		.uleb128 0x55
 286 000c 17       		.uleb128 0x17
 287 000d 11       		.uleb128 0x11
 288 000e 01       		.uleb128 0x1
 289 000f 10       		.uleb128 0x10
 290 0010 17       		.uleb128 0x17
 291 0011 00       		.byte	0
ARM GAS  C:\Users\Pablo\AppData\Local\Temp\ccdC7ZjE.s 			page 9


 292 0012 00       		.byte	0
 293 0013 02       		.uleb128 0x2
 294 0014 24       		.uleb128 0x24
 295 0015 00       		.byte	0
 296 0016 0B       		.uleb128 0xb
 297 0017 0B       		.uleb128 0xb
 298 0018 3E       		.uleb128 0x3e
 299 0019 0B       		.uleb128 0xb
 300 001a 03       		.uleb128 0x3
 301 001b 0E       		.uleb128 0xe
 302 001c 00       		.byte	0
 303 001d 00       		.byte	0
 304 001e 03       		.uleb128 0x3
 305 001f 24       		.uleb128 0x24
 306 0020 00       		.byte	0
 307 0021 0B       		.uleb128 0xb
 308 0022 0B       		.uleb128 0xb
 309 0023 3E       		.uleb128 0x3e
 310 0024 0B       		.uleb128 0xb
 311 0025 03       		.uleb128 0x3
 312 0026 08       		.uleb128 0x8
 313 0027 00       		.byte	0
 314 0028 00       		.byte	0
 315 0029 04       		.uleb128 0x4
 316 002a 16       		.uleb128 0x16
 317 002b 00       		.byte	0
 318 002c 03       		.uleb128 0x3
 319 002d 0E       		.uleb128 0xe
 320 002e 3A       		.uleb128 0x3a
 321 002f 0B       		.uleb128 0xb
 322 0030 3B       		.uleb128 0x3b
 323 0031 0B       		.uleb128 0xb
 324 0032 49       		.uleb128 0x49
 325 0033 13       		.uleb128 0x13
 326 0034 00       		.byte	0
 327 0035 00       		.byte	0
 328 0036 05       		.uleb128 0x5
 329 0037 2E       		.uleb128 0x2e
 330 0038 01       		.byte	0x1
 331 0039 3F       		.uleb128 0x3f
 332 003a 19       		.uleb128 0x19
 333 003b 03       		.uleb128 0x3
 334 003c 0E       		.uleb128 0xe
 335 003d 3A       		.uleb128 0x3a
 336 003e 0B       		.uleb128 0xb
 337 003f 3B       		.uleb128 0x3b
 338 0040 0B       		.uleb128 0xb
 339 0041 27       		.uleb128 0x27
 340 0042 19       		.uleb128 0x19
 341 0043 11       		.uleb128 0x11
 342 0044 01       		.uleb128 0x1
 343 0045 12       		.uleb128 0x12
 344 0046 06       		.uleb128 0x6
 345 0047 40       		.uleb128 0x40
 346 0048 18       		.uleb128 0x18
 347 0049 9742     		.uleb128 0x2117
 348 004b 19       		.uleb128 0x19
ARM GAS  C:\Users\Pablo\AppData\Local\Temp\ccdC7ZjE.s 			page 10


 349 004c 01       		.uleb128 0x1
 350 004d 13       		.uleb128 0x13
 351 004e 00       		.byte	0
 352 004f 00       		.byte	0
 353 0050 06       		.uleb128 0x6
 354 0051 898201   		.uleb128 0x4109
 355 0054 00       		.byte	0
 356 0055 11       		.uleb128 0x11
 357 0056 01       		.uleb128 0x1
 358 0057 31       		.uleb128 0x31
 359 0058 13       		.uleb128 0x13
 360 0059 00       		.byte	0
 361 005a 00       		.byte	0
 362 005b 07       		.uleb128 0x7
 363 005c 2E       		.uleb128 0x2e
 364 005d 00       		.byte	0
 365 005e 3F       		.uleb128 0x3f
 366 005f 19       		.uleb128 0x19
 367 0060 03       		.uleb128 0x3
 368 0061 0E       		.uleb128 0xe
 369 0062 3A       		.uleb128 0x3a
 370 0063 0B       		.uleb128 0xb
 371 0064 3B       		.uleb128 0x3b
 372 0065 0B       		.uleb128 0xb
 373 0066 27       		.uleb128 0x27
 374 0067 19       		.uleb128 0x19
 375 0068 49       		.uleb128 0x49
 376 0069 13       		.uleb128 0x13
 377 006a 11       		.uleb128 0x11
 378 006b 01       		.uleb128 0x1
 379 006c 12       		.uleb128 0x12
 380 006d 06       		.uleb128 0x6
 381 006e 40       		.uleb128 0x40
 382 006f 18       		.uleb128 0x18
 383 0070 9742     		.uleb128 0x2117
 384 0072 19       		.uleb128 0x19
 385 0073 00       		.byte	0
 386 0074 00       		.byte	0
 387 0075 08       		.uleb128 0x8
 388 0076 34       		.uleb128 0x34
 389 0077 00       		.byte	0
 390 0078 03       		.uleb128 0x3
 391 0079 0E       		.uleb128 0xe
 392 007a 3A       		.uleb128 0x3a
 393 007b 0B       		.uleb128 0xb
 394 007c 3B       		.uleb128 0x3b
 395 007d 0B       		.uleb128 0xb
 396 007e 49       		.uleb128 0x49
 397 007f 13       		.uleb128 0x13
 398 0080 3F       		.uleb128 0x3f
 399 0081 19       		.uleb128 0x19
 400 0082 3C       		.uleb128 0x3c
 401 0083 19       		.uleb128 0x19
 402 0084 00       		.byte	0
 403 0085 00       		.byte	0
 404 0086 09       		.uleb128 0x9
 405 0087 34       		.uleb128 0x34
ARM GAS  C:\Users\Pablo\AppData\Local\Temp\ccdC7ZjE.s 			page 11


 406 0088 00       		.byte	0
 407 0089 03       		.uleb128 0x3
 408 008a 0E       		.uleb128 0xe
 409 008b 3A       		.uleb128 0x3a
 410 008c 0B       		.uleb128 0xb
 411 008d 3B       		.uleb128 0x3b
 412 008e 0B       		.uleb128 0xb
 413 008f 49       		.uleb128 0x49
 414 0090 13       		.uleb128 0x13
 415 0091 3F       		.uleb128 0x3f
 416 0092 19       		.uleb128 0x19
 417 0093 02       		.uleb128 0x2
 418 0094 18       		.uleb128 0x18
 419 0095 00       		.byte	0
 420 0096 00       		.byte	0
 421 0097 0A       		.uleb128 0xa
 422 0098 2E       		.uleb128 0x2e
 423 0099 00       		.byte	0
 424 009a 3F       		.uleb128 0x3f
 425 009b 19       		.uleb128 0x19
 426 009c 03       		.uleb128 0x3
 427 009d 0E       		.uleb128 0xe
 428 009e 3A       		.uleb128 0x3a
 429 009f 0B       		.uleb128 0xb
 430 00a0 3B       		.uleb128 0x3b
 431 00a1 0B       		.uleb128 0xb
 432 00a2 27       		.uleb128 0x27
 433 00a3 19       		.uleb128 0x19
 434 00a4 3C       		.uleb128 0x3c
 435 00a5 19       		.uleb128 0x19
 436 00a6 00       		.byte	0
 437 00a7 00       		.byte	0
 438 00a8 00       		.byte	0
 439              		.section	.debug_aranges,"",%progbits
 440 0000 34000000 		.4byte	0x34
 441 0004 0200     		.2byte	0x2
 442 0006 00000000 		.4byte	.Ldebug_info0
 443 000a 04       		.byte	0x4
 444 000b 00       		.byte	0
 445 000c 0000     		.2byte	0
 446 000e 0000     		.2byte	0
 447 0010 00000000 		.4byte	.LFB0
 448 0014 14000000 		.4byte	.LFE0-.LFB0
 449 0018 00000000 		.4byte	.LFB1
 450 001c 08000000 		.4byte	.LFE1-.LFB1
 451 0020 00000000 		.4byte	.LFB2
 452 0024 08000000 		.4byte	.LFE2-.LFB2
 453 0028 00000000 		.4byte	.LFB3
 454 002c 0C000000 		.4byte	.LFE3-.LFB3
 455 0030 00000000 		.4byte	0
 456 0034 00000000 		.4byte	0
 457              		.section	.debug_ranges,"",%progbits
 458              	.Ldebug_ranges0:
 459 0000 00000000 		.4byte	.LFB0
 460 0004 14000000 		.4byte	.LFE0
 461 0008 00000000 		.4byte	.LFB1
 462 000c 08000000 		.4byte	.LFE1
ARM GAS  C:\Users\Pablo\AppData\Local\Temp\ccdC7ZjE.s 			page 12


 463 0010 00000000 		.4byte	.LFB2
 464 0014 08000000 		.4byte	.LFE2
 465 0018 00000000 		.4byte	.LFB3
 466 001c 0C000000 		.4byte	.LFE3
 467 0020 00000000 		.4byte	0
 468 0024 00000000 		.4byte	0
 469              		.section	.debug_line,"",%progbits
 470              	.Ldebug_line0:
 471 0000 A2000000 		.section	.debug_str,"MS",%progbits,1
 471      02005500 
 471      00000201 
 471      FB0E0D00 
 471      01010101 
 472              	.LASF16:
 473 0000 414D7578 		.ascii	"AMux_Stop\000"
 473      5F53746F 
 473      7000
 474              	.LASF20:
 475 000a 2E5C4765 		.ascii	".\\Generated_Source\\PSoC4\\AMux.c\000"
 475      6E657261 
 475      7465645F 
 475      536F7572 
 475      63655C50 
 476              	.LASF23:
 477 002a 414D7578 		.ascii	"AMux_DisconnectAll\000"
 477      5F446973 
 477      636F6E6E 
 477      65637441 
 477      6C6C00
 478              	.LASF19:
 479 003d 474E5520 		.ascii	"GNU C 4.8.4 20140526 (release) [ARM/embedded-4_8-br"
 479      4320342E 
 479      382E3420 
 479      32303134 
 479      30353236 
 480 0070 616E6368 		.ascii	"anch revision 211358] -mcpu=cortex-m0 -mthumb -g -O"
 480      20726576 
 480      6973696F 
 480      6E203231 
 480      31333538 
 481 00a3 73202D66 		.ascii	"s -ffunction-sections\000"
 481      66756E63 
 481      74696F6E 
 481      2D736563 
 481      74696F6E 
 482              	.LASF11:
 483 00b9 666C6F61 		.ascii	"float\000"
 483      7400
 484              	.LASF1:
 485 00bf 756E7369 		.ascii	"unsigned char\000"
 485      676E6564 
 485      20636861 
 485      7200
 486              	.LASF14:
 487 00cd 414D7578 		.ascii	"AMux_Start\000"
 487      5F537461 
 487      727400
ARM GAS  C:\Users\Pablo\AppData\Local\Temp\ccdC7ZjE.s 			page 13


 488              	.LASF5:
 489 00d8 6C6F6E67 		.ascii	"long unsigned int\000"
 489      20756E73 
 489      69676E65 
 489      6420696E 
 489      7400
 490              	.LASF3:
 491 00ea 73686F72 		.ascii	"short unsigned int\000"
 491      7420756E 
 491      7369676E 
 491      65642069 
 491      6E7400
 492              	.LASF17:
 493 00fd 414D7578 		.ascii	"AMux_curChannel\000"
 493      5F637572 
 493      4368616E 
 493      6E656C00 
 494              	.LASF12:
 495 010d 646F7562 		.ascii	"double\000"
 495      6C6500
 496              	.LASF10:
 497 0114 696E7438 		.ascii	"int8\000"
 497      00
 498              	.LASF8:
 499 0119 756E7369 		.ascii	"unsigned int\000"
 499      676E6564 
 499      20696E74 
 499      00
 500              	.LASF7:
 501 0126 6C6F6E67 		.ascii	"long long unsigned int\000"
 501      206C6F6E 
 501      6720756E 
 501      7369676E 
 501      65642069 
 502              	.LASF18:
 503 013d 414D7578 		.ascii	"AMux_initVar\000"
 503      5F696E69 
 503      74566172 
 503      00
 504              	.LASF15:
 505 014a 414D7578 		.ascii	"AMux_Init\000"
 505      5F496E69 
 505      7400
 506              	.LASF21:
 507 0154 433A5C55 		.ascii	"C:\\Users\\Pablo\\Projects\\EzTempRH-for-Raspberry-"
 507      73657273 
 507      5C506162 
 507      6C6F5C50 
 507      726F6A65 
 508 0183 50695C66 		.ascii	"Pi\\firmware\\app.cydsn\000"
 508      69726D77 
 508      6172655C 
 508      6170702E 
 508      63796473 
 509              	.LASF6:
 510 0199 6C6F6E67 		.ascii	"long long int\000"
 510      206C6F6E 
ARM GAS  C:\Users\Pablo\AppData\Local\Temp\ccdC7ZjE.s 			page 14


 510      6720696E 
 510      7400
 511              	.LASF22:
 512 01a7 414D7578 		.ascii	"AMux_GetChannel\000"
 512      5F476574 
 512      4368616E 
 512      6E656C00 
 513              	.LASF13:
 514 01b7 63686172 		.ascii	"char\000"
 514      00
 515              	.LASF2:
 516 01bc 73686F72 		.ascii	"short int\000"
 516      7420696E 
 516      7400
 517              	.LASF9:
 518 01c6 75696E74 		.ascii	"uint8\000"
 518      3800
 519              	.LASF4:
 520 01cc 6C6F6E67 		.ascii	"long int\000"
 520      20696E74 
 520      00
 521              	.LASF0:
 522 01d5 7369676E 		.ascii	"signed char\000"
 522      65642063 
 522      68617200 
 523              		.ident	"GCC: (GNU Tools for ARM Embedded Processors) 4.8.4 20140526 (release) [ARM/embedded-4_8-br
