ARM GAS  C:\Users\Pablo\AppData\Local\Temp\ccwQjiAy.s 			page 1


   1              		.cpu cortex-m0
   2              		.fpu softvfp
   3              		.eabi_attribute 20, 1
   4              		.eabi_attribute 21, 1
   5              		.eabi_attribute 23, 3
   6              		.eabi_attribute 24, 1
   7              		.eabi_attribute 25, 1
   8              		.eabi_attribute 26, 1
   9              		.eabi_attribute 30, 4
  10              		.eabi_attribute 34, 0
  11              		.eabi_attribute 18, 4
  12              		.code	16
  13              		.file	"Thermistor.c"
  14              		.text
  15              	.Ltext0:
  16              		.cfi_sections	.debug_frame
  17              		.global	__aeabi_idiv
  18              		.section	.text.Thermistor_GetResistance,"ax",%progbits
  19              		.align	1
  20              		.global	Thermistor_GetResistance
  21              		.code	16
  22              		.thumb_func
  23              		.type	Thermistor_GetResistance, %function
  24              	Thermistor_GetResistance:
  25              	.LFB0:
  26              		.file 1 ".\\Generated_Source\\PSoC4\\Thermistor.c"
   1:.\Generated_Source\PSoC4/Thermistor.c **** /*******************************************************************************
   2:.\Generated_Source\PSoC4/Thermistor.c **** * File Name: Thermistor.c
   3:.\Generated_Source\PSoC4/Thermistor.c **** * Version 1.20
   4:.\Generated_Source\PSoC4/Thermistor.c **** *
   5:.\Generated_Source\PSoC4/Thermistor.c **** * Description:
   6:.\Generated_Source\PSoC4/Thermistor.c **** *  This file provides the source code to the API for the ThermistorCalc
   7:.\Generated_Source\PSoC4/Thermistor.c **** *  Component.
   8:.\Generated_Source\PSoC4/Thermistor.c **** *
   9:.\Generated_Source\PSoC4/Thermistor.c **** * Note:
  10:.\Generated_Source\PSoC4/Thermistor.c **** *  None.
  11:.\Generated_Source\PSoC4/Thermistor.c **** *
  12:.\Generated_Source\PSoC4/Thermistor.c **** ********************************************************************************
  13:.\Generated_Source\PSoC4/Thermistor.c **** * Copyright 2013, Cypress Semiconductor Corporation.  All rights reserved.
  14:.\Generated_Source\PSoC4/Thermistor.c **** * You may use this file only in accordance with the license, terms, conditions,
  15:.\Generated_Source\PSoC4/Thermistor.c **** * disclaimers, and limitations in the end user license agreement accompanying
  16:.\Generated_Source\PSoC4/Thermistor.c **** * the software package with which this file was provided.
  17:.\Generated_Source\PSoC4/Thermistor.c **** *******************************************************************************/
  18:.\Generated_Source\PSoC4/Thermistor.c **** 
  19:.\Generated_Source\PSoC4/Thermistor.c **** #include "Thermistor.h"
  20:.\Generated_Source\PSoC4/Thermistor.c **** 
  21:.\Generated_Source\PSoC4/Thermistor.c **** 
  22:.\Generated_Source\PSoC4/Thermistor.c **** /*******************************************************************************
  23:.\Generated_Source\PSoC4/Thermistor.c **** * Function Name: Thermistor_GetResistance
  24:.\Generated_Source\PSoC4/Thermistor.c **** ********************************************************************************
  25:.\Generated_Source\PSoC4/Thermistor.c **** *
  26:.\Generated_Source\PSoC4/Thermistor.c **** * Summary:
  27:.\Generated_Source\PSoC4/Thermistor.c **** *  The digital values of the voltages across the reference resistor and the
  28:.\Generated_Source\PSoC4/Thermistor.c **** *  thermistor are passed to this function as parameters. The function returns
  29:.\Generated_Source\PSoC4/Thermistor.c **** *  the resistance, based on the voltage values.
  30:.\Generated_Source\PSoC4/Thermistor.c **** *
  31:.\Generated_Source\PSoC4/Thermistor.c **** * Parameters:
ARM GAS  C:\Users\Pablo\AppData\Local\Temp\ccwQjiAy.s 			page 2


  32:.\Generated_Source\PSoC4/Thermistor.c **** *  vReference: the voltage across the reference resistor;
  33:.\Generated_Source\PSoC4/Thermistor.c **** *  vThermistor: the voltage across the thermistor.
  34:.\Generated_Source\PSoC4/Thermistor.c **** *  The ratio of these two voltages is used by this function. Therefore, the
  35:.\Generated_Source\PSoC4/Thermistor.c **** *  units for both parameters must be the same.
  36:.\Generated_Source\PSoC4/Thermistor.c **** *
  37:.\Generated_Source\PSoC4/Thermistor.c **** * Return:
  38:.\Generated_Source\PSoC4/Thermistor.c **** *  The return value is the resistance across the thermistor. The value returned
  39:.\Generated_Source\PSoC4/Thermistor.c **** *  is the resistance in Ohms.
  40:.\Generated_Source\PSoC4/Thermistor.c **** *
  41:.\Generated_Source\PSoC4/Thermistor.c **** *******************************************************************************/
  42:.\Generated_Source\PSoC4/Thermistor.c **** uint32 Thermistor_GetResistance(int16 vReference, int16 vThermistor)
  43:.\Generated_Source\PSoC4/Thermistor.c ****                                       
  44:.\Generated_Source\PSoC4/Thermistor.c **** {
  27              		.loc 1 44 0
  28              		.cfi_startproc
  29              	.LVL0:
  30 0000 08B5     		push	{r3, lr}
  31              		.cfi_def_cfa_offset 8
  32              		.cfi_offset 3, -8
  33              		.cfi_offset 14, -4
  34              		.loc 1 44 0
  35 0002 031C     		mov	r3, r0
  45:.\Generated_Source\PSoC4/Thermistor.c ****     int32 resT;
  46:.\Generated_Source\PSoC4/Thermistor.c ****     int16 temp;
  47:.\Generated_Source\PSoC4/Thermistor.c **** 
  48:.\Generated_Source\PSoC4/Thermistor.c ****     /* Calculate thermistor resistance from the voltages */
  49:.\Generated_Source\PSoC4/Thermistor.c ****     resT = Thermistor_REF_RESISTOR * ((int32)vThermistor);
  36              		.loc 1 49 0
  37 0004 0848     		ldr	r0, .L5
  38              	.LVL1:
  39 0006 4843     		mul	r0, r1
  40              	.LVL2:
  50:.\Generated_Source\PSoC4/Thermistor.c ****     if (vReference < 0)
  41              		.loc 1 50 0
  42 0008 002B     		cmp	r3, #0
  43 000a 05DA     		bge	.L2
  44              	.LVL3:
  51:.\Generated_Source\PSoC4/Thermistor.c ****     {
  52:.\Generated_Source\PSoC4/Thermistor.c ****         temp = -vReference;
  45              		.loc 1 52 0
  46 000c 5A42     		neg	r2, r3
  53:.\Generated_Source\PSoC4/Thermistor.c ****         temp = (int16)((uint16)((uint16)temp >> 1u));
  47              		.loc 1 53 0
  48 000e 92B2     		uxth	r2, r2
  49 0010 5208     		lsr	r2, r2, #1
  54:.\Generated_Source\PSoC4/Thermistor.c ****         temp = -temp;
  50              		.loc 1 54 0
  51 0012 5242     		neg	r2, r2
  52 0014 92B2     		uxth	r2, r2
  53              	.LVL4:
  54 0016 01E0     		b	.L3
  55              	.LVL5:
  56              	.L2:
  55:.\Generated_Source\PSoC4/Thermistor.c ****     }
  56:.\Generated_Source\PSoC4/Thermistor.c ****     else
  57:.\Generated_Source\PSoC4/Thermistor.c ****     {
  58:.\Generated_Source\PSoC4/Thermistor.c ****         temp = (int16)((uint16)((uint16)vReference >> 1u));
ARM GAS  C:\Users\Pablo\AppData\Local\Temp\ccwQjiAy.s 			page 3


  57              		.loc 1 58 0
  58 0018 9AB2     		uxth	r2, r3
  59 001a 5208     		lsr	r2, r2, #1
  60              	.LVL6:
  61              	.L3:
  59:.\Generated_Source\PSoC4/Thermistor.c ****     }
  60:.\Generated_Source\PSoC4/Thermistor.c ****     resT += temp;
  62              		.loc 1 60 0
  63 001c 12B2     		sxth	r2, r2
  64              	.LVL7:
  65 001e 8018     		add	r0, r0, r2
  66              	.LVL8:
  61:.\Generated_Source\PSoC4/Thermistor.c ****     resT /= vReference;
  67              		.loc 1 61 0
  68 0020 191C     		mov	r1, r3
  69              	.LVL9:
  70 0022 FFF7FEFF 		bl	__aeabi_idiv
  71              	.LVL10:
  62:.\Generated_Source\PSoC4/Thermistor.c **** 
  63:.\Generated_Source\PSoC4/Thermistor.c ****     /* The ordering of Reference resistor value is specifically designed to keep the result from ov
  64:.\Generated_Source\PSoC4/Thermistor.c ****     return ((uint32)((uint32)resT << Thermistor_REF_RES_SHIFT));
  65:.\Generated_Source\PSoC4/Thermistor.c **** }
  72              		.loc 1 65 0
  73              		@ sp needed
  74 0026 08BD     		pop	{r3, pc}
  75              	.L6:
  76              		.align	2
  77              	.L5:
  78 0028 10270000 		.word	10000
  79              		.cfi_endproc
  80              	.LFE0:
  81              		.size	Thermistor_GetResistance, .-Thermistor_GetResistance
  82              		.section	.text.Thermistor_GetTemperature,"ax",%progbits
  83              		.align	1
  84              		.global	Thermistor_GetTemperature
  85              		.code	16
  86              		.thumb_func
  87              		.type	Thermistor_GetTemperature, %function
  88              	Thermistor_GetTemperature:
  89              	.LFB1:
  66:.\Generated_Source\PSoC4/Thermistor.c **** 
  67:.\Generated_Source\PSoC4/Thermistor.c **** 
  68:.\Generated_Source\PSoC4/Thermistor.c **** /*******************************************************************************
  69:.\Generated_Source\PSoC4/Thermistor.c **** * Function Name: Thermistor_GetTemperature
  70:.\Generated_Source\PSoC4/Thermistor.c **** ********************************************************************************
  71:.\Generated_Source\PSoC4/Thermistor.c **** *
  72:.\Generated_Source\PSoC4/Thermistor.c **** * Summary:
  73:.\Generated_Source\PSoC4/Thermistor.c **** *  The value of the thermistor resistance is passed to this function as a
  74:.\Generated_Source\PSoC4/Thermistor.c **** *  parameter. The function returns the temperature, based on the resistance
  75:.\Generated_Source\PSoC4/Thermistor.c **** *  value. The method used to calculate the temperature is dependent on whether
  76:.\Generated_Source\PSoC4/Thermistor.c **** *  Equation or LUT was selected in the Customizer.
  77:.\Generated_Source\PSoC4/Thermistor.c **** *
  78:.\Generated_Source\PSoC4/Thermistor.c **** * Parameters:
  79:.\Generated_Source\PSoC4/Thermistor.c **** *  resT: the resistance across the thermistor in Ohms.
  80:.\Generated_Source\PSoC4/Thermistor.c **** *
  81:.\Generated_Source\PSoC4/Thermistor.c **** * Return:
  82:.\Generated_Source\PSoC4/Thermistor.c **** *  The return value is the temperature in 1/100ths of degrees C. For example,
ARM GAS  C:\Users\Pablo\AppData\Local\Temp\ccwQjiAy.s 			page 4


  83:.\Generated_Source\PSoC4/Thermistor.c **** *  the return value is 2345, when the actual temperature is 23.45 degrees C.
  84:.\Generated_Source\PSoC4/Thermistor.c **** *
  85:.\Generated_Source\PSoC4/Thermistor.c **** *******************************************************************************/
  86:.\Generated_Source\PSoC4/Thermistor.c **** int16 Thermistor_GetTemperature(uint32 resT) 
  87:.\Generated_Source\PSoC4/Thermistor.c **** {
  90              		.loc 1 87 0
  91              		.cfi_startproc
  92              	.LVL11:
  88:.\Generated_Source\PSoC4/Thermistor.c ****     int16 tempTR;
  89:.\Generated_Source\PSoC4/Thermistor.c ****     static const uint32 CYCODE Thermistor_LUT[] = { 21916u, 21834u, 21753u, 21672u, 21592u, 21512u,
  90:.\Generated_Source\PSoC4/Thermistor.c ****  21194u, 21116u, 21038u, 20960u, 20882u, 20805u, 20728u, 20652u, 20575u, 20499u, 20424u, 20348u, 20
  91:.\Generated_Source\PSoC4/Thermistor.c ****  20050u, 19977u, 19903u, 19830u, 19757u, 19685u, 19612u, 19541u, 19469u, 19398u, 19327u, 19256u, 19
  92:.\Generated_Source\PSoC4/Thermistor.c ****  18976u, 18907u, 18838u, 18769u, 18700u, 18632u, 18564u, 18497u, 18429u, 18362u, 18296u, 18229u, 18
  93:.\Generated_Source\PSoC4/Thermistor.c ****  17966u, 17901u, 17836u, 17771u, 17707u, 17643u, 17579u, 17516u, 17452u, 17389u, 17327u, 17264u, 17
  94:.\Generated_Source\PSoC4/Thermistor.c ****  17017u, 16955u, 16894u, 16834u, 16773u, 16713u, 16653u, 16593u, 16534u, 16474u, 16415u, 16356u, 16
  95:.\Generated_Source\PSoC4/Thermistor.c ****  16124u, 16066u, 16009u, 15951u, 15895u, 15838u, 15781u, 15725u, 15669u, 15613u, 15558u, 15503u, 15
  96:.\Generated_Source\PSoC4/Thermistor.c ****  15283u, 15229u, 15175u, 15121u, 15068u, 15014u, 14961u, 14908u, 14856u, 14803u, 14751u, 14699u, 14
  97:.\Generated_Source\PSoC4/Thermistor.c ****  14493u, 14441u, 14391u, 14340u, 14290u, 14239u, 14189u, 14139u, 14090u, 14040u, 13991u, 13942u, 13
  98:.\Generated_Source\PSoC4/Thermistor.c ****  13748u, 13700u, 13652u, 13604u, 13557u, 13509u, 13462u, 13415u, 13368u, 13322u, 13275u, 13229u, 13
  99:.\Generated_Source\PSoC4/Thermistor.c ****  13046u, 13001u, 12956u, 12911u, 12866u, 12821u, 12777u, 12733u, 12689u, 12645u, 12601u, 12557u, 12
 100:.\Generated_Source\PSoC4/Thermistor.c ****  12385u, 12342u, 12300u, 12257u, 12215u, 12173u, 12131u, 12089u, 12048u, 12006u, 11965u, 11924u, 11
 101:.\Generated_Source\PSoC4/Thermistor.c ****  11761u, 11721u, 11681u, 11641u, 11601u, 11562u, 11522u, 11483u, 11443u, 11404u, 11366u, 11327u, 11
 102:.\Generated_Source\PSoC4/Thermistor.c ****  11173u, 11135u, 11097u, 11060u, 11022u, 10985u, 10948u, 10910u, 10873u, 10837u, 10800u, 10763u, 10
 103:.\Generated_Source\PSoC4/Thermistor.c ****  10619u, 10583u, 10547u, 10511u, 10476u, 10441u, 10405u, 10370u, 10335u, 10301u, 10266u, 10232u, 10
 104:.\Generated_Source\PSoC4/Thermistor.c ****  10095u, 10061u, 10027u, 9994u, 9960u, 9927u, 9894u, 9861u, 9828u, 9795u, 9762u, 9729u, 9697u, 9665
 105:.\Generated_Source\PSoC4/Thermistor.c ****  9568u, 9536u, 9505u, 9473u, 9442u, 9410u, 9379u, 9348u, 9317u, 9286u, 9255u, 9225u, 9194u, 9164u, 
 106:.\Generated_Source\PSoC4/Thermistor.c ****  9043u, 9013u, 8983u, 8954u, 8924u, 8895u, 8865u, 8836u, 8807u, 8778u, 8749u, 8720u, 8692u, 8663u, 
 107:.\Generated_Source\PSoC4/Thermistor.c ****  8550u, 8522u, 8494u, 8466u, 8439u, 8411u, 8384u, 8356u, 8329u, 8302u, 8275u, 8248u, 8221u, 8194u, 
 108:.\Generated_Source\PSoC4/Thermistor.c ****  8088u, 8061u, 8035u, 8009u, 7983u, 7957u, 7931u, 7906u, 7880u, 7854u, 7829u, 7804u, 7778u, 7753u, 
 109:.\Generated_Source\PSoC4/Thermistor.c ****  7654u, 7629u, 7604u, 7580u, 7555u, 7531u, 7507u, 7483u, 7459u, 7435u, 7411u, 7387u, 7363u, 7340u, 
 110:.\Generated_Source\PSoC4/Thermistor.c ****  7246u, 7223u, 7200u, 7177u, 7154u, 7131u, 7108u, 7085u, 7063u, 7040u, 7018u, 6995u, 6973u, 6951u, 
 111:.\Generated_Source\PSoC4/Thermistor.c ****  6863u, 6841u, 6819u, 6798u, 6776u, 6755u, 6733u, 6712u, 6691u, 6669u, 6648u, 6627u, 6606u, 6585u, 
 112:.\Generated_Source\PSoC4/Thermistor.c ****  6503u, 6482u, 6462u, 6441u, 6421u, 6401u, 6381u, 6361u, 6341u, 6321u, 6301u, 6281u, 6261u, 6242u, 
 113:.\Generated_Source\PSoC4/Thermistor.c ****  6164u, 6145u, 6125u, 6106u, 6087u, 6068u, 6049u, 6030u, 6012u, 5993u, 5974u, 5955u, 5937u, 5918u, 
 114:.\Generated_Source\PSoC4/Thermistor.c ****  5845u, 5827u, 5809u, 5791u, 5773u, 5755u, 5737u, 5720u, 5702u, 5684u, 5667u, 5649u, 5632u, 5614u, 
 115:.\Generated_Source\PSoC4/Thermistor.c ****  5545u, 5528u, 5511u, 5494u, 5477u, 5460u, 5444u, 5427u, 5410u, 5394u, 5377u, 5361u, 5344u, 5328u, 
 116:.\Generated_Source\PSoC4/Thermistor.c ****  5263u, 5247u, 5231u, 5215u, 5199u, 5183u, 5167u, 5151u, 5136u, 5120u, 5104u, 5089u, 5073u, 5058u, 
 117:.\Generated_Source\PSoC4/Thermistor.c ****  4997u, 4981u, 4966u, 4951u, 4936u, 4921u, 4906u, 4892u, 4877u, 4862u, 4847u, 4833u, 4818u, 4804u, 
 118:.\Generated_Source\PSoC4/Thermistor.c ****  4746u, 4732u, 4717u, 4703u, 4689u, 4675u, 4661u, 4647u, 4633u, 4619u, 4605u, 4591u, 4577u, 4564u, 
 119:.\Generated_Source\PSoC4/Thermistor.c ****  4509u, 4496u, 4482u, 4469u, 4456u, 4442u, 4429u, 4416u, 4403u, 4390u, 4377u, 4364u, 4351u, 4338u, 
 120:.\Generated_Source\PSoC4/Thermistor.c ****  4286u, 4274u, 4261u, 4248u, 4236u, 4223u, 4211u, 4198u, 4186u, 4173u, 4161u };
 121:.\Generated_Source\PSoC4/Thermistor.c **** 
 122:.\Generated_Source\PSoC4/Thermistor.c **** 
 123:.\Generated_Source\PSoC4/Thermistor.c ****     #if (Thermistor_IMPLEMENTATION == Thermistor_EQUATION_METHOD)
 124:.\Generated_Source\PSoC4/Thermistor.c **** 
 125:.\Generated_Source\PSoC4/Thermistor.c ****         float32 stEqn;
 126:.\Generated_Source\PSoC4/Thermistor.c ****         float32 logrT;
 127:.\Generated_Source\PSoC4/Thermistor.c **** 
 128:.\Generated_Source\PSoC4/Thermistor.c ****         /* Calculate thermistor resistance from the voltages */
 129:.\Generated_Source\PSoC4/Thermistor.c ****         #if(!CY_PSOC3)
 130:.\Generated_Source\PSoC4/Thermistor.c ****             logrT = (float32)log((float64)resT);
 131:.\Generated_Source\PSoC4/Thermistor.c ****         #else
 132:.\Generated_Source\PSoC4/Thermistor.c ****             logrT = log((float32)resT);
 133:.\Generated_Source\PSoC4/Thermistor.c ****         #endif  /* (!CY_PSOC3) */
 134:.\Generated_Source\PSoC4/Thermistor.c **** 
 135:.\Generated_Source\PSoC4/Thermistor.c ****         /* Calculate temperature from the resistance of thermistor using Steinhart-Hart Equation */
 136:.\Generated_Source\PSoC4/Thermistor.c ****         #if(!CY_PSOC3)
ARM GAS  C:\Users\Pablo\AppData\Local\Temp\ccwQjiAy.s 			page 5


 137:.\Generated_Source\PSoC4/Thermistor.c ****             stEqn = (float32)(Thermistor_THA + (Thermistor_THB * logrT) + 
 138:.\Generated_Source\PSoC4/Thermistor.c ****                              (Thermistor_THC * pow((float64)logrT, (float32)3)));
 139:.\Generated_Source\PSoC4/Thermistor.c ****         #else
 140:.\Generated_Source\PSoC4/Thermistor.c ****             stEqn = (float32)(Thermistor_THA + (Thermistor_THB * logrT) + 
 141:.\Generated_Source\PSoC4/Thermistor.c ****                              (Thermistor_THC * pow(logrT, (float32)3)));
 142:.\Generated_Source\PSoC4/Thermistor.c ****         #endif  /* (!CY_PSOC3) */
 143:.\Generated_Source\PSoC4/Thermistor.c **** 
 144:.\Generated_Source\PSoC4/Thermistor.c ****         tempTR = (int16)((float32)((((1.0 / stEqn) - Thermistor_K2C) * (float32)Thermistor_SCALE) +
 145:.\Generated_Source\PSoC4/Thermistor.c **** 
 146:.\Generated_Source\PSoC4/Thermistor.c ****     #else /* Thermistor_IMPLEMENTATION == Thermistor_LUT_METHOD */
 147:.\Generated_Source\PSoC4/Thermistor.c **** 
 148:.\Generated_Source\PSoC4/Thermistor.c ****         uint16 mid;
 149:.\Generated_Source\PSoC4/Thermistor.c ****         uint16 first = 0u;
 150:.\Generated_Source\PSoC4/Thermistor.c ****         uint16 last = Thermistor_LUT_SIZE - 1u;
  93              		.loc 1 150 0
  94 0000 FA22     		mov	r2, #250
  87:.\Generated_Source\PSoC4/Thermistor.c **** {
  95              		.loc 1 87 0
  96 0002 70B5     		push	{r4, r5, r6, lr}
  97              		.cfi_def_cfa_offset 16
  98              		.cfi_offset 4, -16
  99              		.cfi_offset 5, -12
 100              		.cfi_offset 6, -8
 101              		.cfi_offset 14, -4
 102              		.loc 1 150 0
 103 0004 5200     		lsl	r2, r2, #1
 149:.\Generated_Source\PSoC4/Thermistor.c ****         uint16 first = 0u;
 104              		.loc 1 149 0
 105 0006 0024     		mov	r4, #0
 106              	.LVL12:
 107              	.L11:
 151:.\Generated_Source\PSoC4/Thermistor.c **** 
 152:.\Generated_Source\PSoC4/Thermistor.c ****         /* Calculate temperature from the resistance of thermistor by using the LUT */
 153:.\Generated_Source\PSoC4/Thermistor.c ****         while (first < last)
 154:.\Generated_Source\PSoC4/Thermistor.c ****         {
 155:.\Generated_Source\PSoC4/Thermistor.c ****             mid = (first + last) >> 1u;
 108              		.loc 1 155 0
 109 0008 A518     		add	r5, r4, r2
 110 000a 6D10     		asr	r5, r5, #1
 111 000c ABB2     		uxth	r3, r5
 112              	.LVL13:
 113 000e 1949     		ldr	r1, .L21
 156:.\Generated_Source\PSoC4/Thermistor.c **** 
 157:.\Generated_Source\PSoC4/Thermistor.c ****             if ((0u == mid) || ((Thermistor_LUT_SIZE - 1u) == mid) || (resT == Thermistor_LUT[mid])
 114              		.loc 1 157 0
 115 0010 002B     		cmp	r3, #0
 116 0012 0FD0     		beq	.L8
 117              		.loc 1 157 0 is_stmt 0 discriminator 1
 118 0014 AD00     		lsl	r5, r5, #2
 119              	.LVL14:
 120 0016 4D59     		ldr	r5, [r1, r5]
 121 0018 A842     		cmp	r0, r5
 122 001a 0BD0     		beq	.L8
 158:.\Generated_Source\PSoC4/Thermistor.c ****             {
 159:.\Generated_Source\PSoC4/Thermistor.c ****                 last = mid;
 160:.\Generated_Source\PSoC4/Thermistor.c ****                 break;
 161:.\Generated_Source\PSoC4/Thermistor.c ****             }
ARM GAS  C:\Users\Pablo\AppData\Local\Temp\ccwQjiAy.s 			page 6


 162:.\Generated_Source\PSoC4/Thermistor.c ****             else if (Thermistor_LUT[mid] > resT)
 123              		.loc 1 162 0 is_stmt 1
 124 001c 8542     		cmp	r5, r0
 125 001e 03D9     		bls	.L9
 163:.\Generated_Source\PSoC4/Thermistor.c ****             {
 164:.\Generated_Source\PSoC4/Thermistor.c ****                 first = mid + 1u;
 126              		.loc 1 164 0
 127 0020 0133     		add	r3, r3, #1
 128              	.LVL15:
 129 0022 9CB2     		uxth	r4, r3
 130              	.LVL16:
 131 0024 131C     		mov	r3, r2
 132              	.LVL17:
 133 0026 01E0     		b	.L10
 134              	.LVL18:
 135              	.L9:
 165:.\Generated_Source\PSoC4/Thermistor.c ****             }
 166:.\Generated_Source\PSoC4/Thermistor.c ****             else /* (Thermistor_LUT[mid] < resT) */
 167:.\Generated_Source\PSoC4/Thermistor.c ****             {
 168:.\Generated_Source\PSoC4/Thermistor.c ****                 last = mid - 1u;
 136              		.loc 1 168 0
 137 0028 013B     		sub	r3, r3, #1
 138              	.LVL19:
 139 002a 9BB2     		uxth	r3, r3
 140              	.LVL20:
 141              	.L10:
 153:.\Generated_Source\PSoC4/Thermistor.c ****         while (first < last)
 142              		.loc 1 153 0 discriminator 1
 143 002c 9C42     		cmp	r4, r3
 144 002e 01D2     		bcs	.L8
 153:.\Generated_Source\PSoC4/Thermistor.c ****         while (first < last)
 145              		.loc 1 153 0 is_stmt 0
 146 0030 1A1C     		mov	r2, r3
 147 0032 E9E7     		b	.L11
 148              	.LVL21:
 149              	.L8:
 169:.\Generated_Source\PSoC4/Thermistor.c ****             }
 170:.\Generated_Source\PSoC4/Thermistor.c ****         }
 171:.\Generated_Source\PSoC4/Thermistor.c **** 
 172:.\Generated_Source\PSoC4/Thermistor.c ****         /* Calculation the closest entry in the LUT */
 173:.\Generated_Source\PSoC4/Thermistor.c ****         if ((Thermistor_LUT[last] > resT) && (last < (Thermistor_LUT_SIZE - 1u)) &&
 150              		.loc 1 173 0 is_stmt 1
 151 0034 9A00     		lsl	r2, r3, #2
 152 0036 8A58     		ldr	r2, [r1, r2]
 153 0038 8242     		cmp	r2, r0
 154 003a 0AD9     		bls	.L12
 155              		.loc 1 173 0 is_stmt 0 discriminator 1
 156 003c F424     		mov	r4, #244
 157 003e FF34     		add	r4, r4, #255
 158 0040 A342     		cmp	r3, r4
 159 0042 06D8     		bhi	.L12
 174:.\Generated_Source\PSoC4/Thermistor.c ****            ((Thermistor_LUT[last] - resT) > (resT - Thermistor_LUT[last + 1u])))
 160              		.loc 1 174 0 is_stmt 1 discriminator 1
 161 0044 5C1C     		add	r4, r3, #1
 162 0046 A600     		lsl	r6, r4, #2
 163 0048 8E59     		ldr	r6, [r1, r6]
 164 004a 151A     		sub	r5, r2, r0
ARM GAS  C:\Users\Pablo\AppData\Local\Temp\ccwQjiAy.s 			page 7


 165 004c 861B     		sub	r6, r0, r6
 173:.\Generated_Source\PSoC4/Thermistor.c ****         if ((Thermistor_LUT[last] > resT) && (last < (Thermistor_LUT_SIZE - 1u)) &&
 166              		.loc 1 173 0 discriminator 1
 167 004e B542     		cmp	r5, r6
 168 0050 0AD8     		bhi	.L20
 169              	.L12:
 175:.\Generated_Source\PSoC4/Thermistor.c ****         {
 176:.\Generated_Source\PSoC4/Thermistor.c ****             last++;
 177:.\Generated_Source\PSoC4/Thermistor.c ****         }
 178:.\Generated_Source\PSoC4/Thermistor.c ****         else if ((Thermistor_LUT[last] < resT) && (last > 0u) &&
 170              		.loc 1 178 0
 171 0052 8242     		cmp	r2, r0
 172 0054 09D2     		bcs	.L13
 173              		.loc 1 178 0 is_stmt 0 discriminator 1
 174 0056 002B     		cmp	r3, #0
 175 0058 07D0     		beq	.L13
 179:.\Generated_Source\PSoC4/Thermistor.c ****                 ((Thermistor_LUT[last - 1u] - resT) < (resT - Thermistor_LUT[last])))
 176              		.loc 1 179 0 is_stmt 1 discriminator 1
 177 005a 5C1E     		sub	r4, r3, #1
 178 005c A500     		lsl	r5, r4, #2
 179 005e 4959     		ldr	r1, [r1, r5]
 180 0060 091A     		sub	r1, r1, r0
 181 0062 801A     		sub	r0, r0, r2
 182              	.LVL22:
 178:.\Generated_Source\PSoC4/Thermistor.c ****         else if ((Thermistor_LUT[last] < resT) && (last > 0u) &&
 183              		.loc 1 178 0 discriminator 1
 184 0064 8142     		cmp	r1, r0
 185 0066 00D2     		bcs	.L13
 186              	.L20:
 180:.\Generated_Source\PSoC4/Thermistor.c ****         {
 181:.\Generated_Source\PSoC4/Thermistor.c ****             last--;
 187              		.loc 1 181 0
 188 0068 A3B2     		uxth	r3, r4
 189              	.LVL23:
 190              	.L13:
 182:.\Generated_Source\PSoC4/Thermistor.c ****         }
 183:.\Generated_Source\PSoC4/Thermistor.c ****         else
 184:.\Generated_Source\PSoC4/Thermistor.c ****         {
 185:.\Generated_Source\PSoC4/Thermistor.c ****             /* Closest entry in the LUT already found */
 186:.\Generated_Source\PSoC4/Thermistor.c ****         }
 187:.\Generated_Source\PSoC4/Thermistor.c **** 
 188:.\Generated_Source\PSoC4/Thermistor.c ****         tempTR = Thermistor_MIN_TEMP + (int16)((uint16)(last * Thermistor_ACCURACY));
 191              		.loc 1 188 0
 192 006a 0A20     		mov	r0, #10
 193 006c 4343     		mul	r3, r0
 194              	.LVL24:
 189:.\Generated_Source\PSoC4/Thermistor.c **** 
 190:.\Generated_Source\PSoC4/Thermistor.c ****     #endif /* (Thermistor_IMPLEMENTATION == Thermistor_EQUATION_METHOD) */
 191:.\Generated_Source\PSoC4/Thermistor.c **** 
 192:.\Generated_Source\PSoC4/Thermistor.c ****     return (tempTR);
 193:.\Generated_Source\PSoC4/Thermistor.c **** }
 195              		.loc 1 193 0
 196              		@ sp needed
 192:.\Generated_Source\PSoC4/Thermistor.c ****     return (tempTR);
 197              		.loc 1 192 0
 198 006e 18B2     		sxth	r0, r3
 199              		.loc 1 193 0
ARM GAS  C:\Users\Pablo\AppData\Local\Temp\ccwQjiAy.s 			page 8


 200 0070 70BD     		pop	{r4, r5, r6, pc}
 201              	.L22:
 202 0072 C046     		.align	2
 203              	.L21:
 204 0074 00000000 		.word	.LANCHOR0
 205              		.cfi_endproc
 206              	.LFE1:
 207              		.size	Thermistor_GetTemperature, .-Thermistor_GetTemperature
 208              		.section	.rodata
 209              		.align	2
 210              		.set	.LANCHOR0,. + 0
 211              		.type	Thermistor_LUT.4662, %object
 212              		.size	Thermistor_LUT.4662, 2004
 213              	Thermistor_LUT.4662:
 214 0000 9C550000 		.word	21916
 215 0004 4A550000 		.word	21834
 216 0008 F9540000 		.word	21753
 217 000c A8540000 		.word	21672
 218 0010 58540000 		.word	21592
 219 0014 08540000 		.word	21512
 220 0018 B8530000 		.word	21432
 221 001c 68530000 		.word	21352
 222 0020 19530000 		.word	21273
 223 0024 CA520000 		.word	21194
 224 0028 7C520000 		.word	21116
 225 002c 2E520000 		.word	21038
 226 0030 E0510000 		.word	20960
 227 0034 92510000 		.word	20882
 228 0038 45510000 		.word	20805
 229 003c F8500000 		.word	20728
 230 0040 AC500000 		.word	20652
 231 0044 5F500000 		.word	20575
 232 0048 13500000 		.word	20499
 233 004c C84F0000 		.word	20424
 234 0050 7C4F0000 		.word	20348
 235 0054 314F0000 		.word	20273
 236 0058 E74E0000 		.word	20199
 237 005c 9C4E0000 		.word	20124
 238 0060 524E0000 		.word	20050
 239 0064 094E0000 		.word	19977
 240 0068 BF4D0000 		.word	19903
 241 006c 764D0000 		.word	19830
 242 0070 2D4D0000 		.word	19757
 243 0074 E54C0000 		.word	19685
 244 0078 9C4C0000 		.word	19612
 245 007c 554C0000 		.word	19541
 246 0080 0D4C0000 		.word	19469
 247 0084 C64B0000 		.word	19398
 248 0088 7F4B0000 		.word	19327
 249 008c 384B0000 		.word	19256
 250 0090 F14A0000 		.word	19185
 251 0094 AB4A0000 		.word	19115
 252 0098 654A0000 		.word	19045
 253 009c 204A0000 		.word	18976
 254 00a0 DB490000 		.word	18907
 255 00a4 96490000 		.word	18838
 256 00a8 51490000 		.word	18769
ARM GAS  C:\Users\Pablo\AppData\Local\Temp\ccwQjiAy.s 			page 9


 257 00ac 0C490000 		.word	18700
 258 00b0 C8480000 		.word	18632
 259 00b4 84480000 		.word	18564
 260 00b8 41480000 		.word	18497
 261 00bc FD470000 		.word	18429
 262 00c0 BA470000 		.word	18362
 263 00c4 78470000 		.word	18296
 264 00c8 35470000 		.word	18229
 265 00cc F3460000 		.word	18163
 266 00d0 B1460000 		.word	18097
 267 00d4 6F460000 		.word	18031
 268 00d8 2E460000 		.word	17966
 269 00dc ED450000 		.word	17901
 270 00e0 AC450000 		.word	17836
 271 00e4 6B450000 		.word	17771
 272 00e8 2B450000 		.word	17707
 273 00ec EB440000 		.word	17643
 274 00f0 AB440000 		.word	17579
 275 00f4 6C440000 		.word	17516
 276 00f8 2C440000 		.word	17452
 277 00fc ED430000 		.word	17389
 278 0100 AF430000 		.word	17327
 279 0104 70430000 		.word	17264
 280 0108 32430000 		.word	17202
 281 010c F4420000 		.word	17140
 282 0110 B6420000 		.word	17078
 283 0114 79420000 		.word	17017
 284 0118 3B420000 		.word	16955
 285 011c FE410000 		.word	16894
 286 0120 C2410000 		.word	16834
 287 0124 85410000 		.word	16773
 288 0128 49410000 		.word	16713
 289 012c 0D410000 		.word	16653
 290 0130 D1400000 		.word	16593
 291 0134 96400000 		.word	16534
 292 0138 5A400000 		.word	16474
 293 013c 1F400000 		.word	16415
 294 0140 E43F0000 		.word	16356
 295 0144 AA3F0000 		.word	16298
 296 0148 703F0000 		.word	16240
 297 014c 353F0000 		.word	16181
 298 0150 FC3E0000 		.word	16124
 299 0154 C23E0000 		.word	16066
 300 0158 893E0000 		.word	16009
 301 015c 4F3E0000 		.word	15951
 302 0160 173E0000 		.word	15895
 303 0164 DE3D0000 		.word	15838
 304 0168 A53D0000 		.word	15781
 305 016c 6D3D0000 		.word	15725
 306 0170 353D0000 		.word	15669
 307 0174 FD3C0000 		.word	15613
 308 0178 C63C0000 		.word	15558
 309 017c 8F3C0000 		.word	15503
 310 0180 573C0000 		.word	15447
 311 0184 213C0000 		.word	15393
 312 0188 EA3B0000 		.word	15338
 313 018c B33B0000 		.word	15283
ARM GAS  C:\Users\Pablo\AppData\Local\Temp\ccwQjiAy.s 			page 10


 314 0190 7D3B0000 		.word	15229
 315 0194 473B0000 		.word	15175
 316 0198 113B0000 		.word	15121
 317 019c DC3A0000 		.word	15068
 318 01a0 A63A0000 		.word	15014
 319 01a4 713A0000 		.word	14961
 320 01a8 3C3A0000 		.word	14908
 321 01ac 083A0000 		.word	14856
 322 01b0 D3390000 		.word	14803
 323 01b4 9F390000 		.word	14751
 324 01b8 6B390000 		.word	14699
 325 01bc 37390000 		.word	14647
 326 01c0 03390000 		.word	14595
 327 01c4 D0380000 		.word	14544
 328 01c8 9D380000 		.word	14493
 329 01cc 69380000 		.word	14441
 330 01d0 37380000 		.word	14391
 331 01d4 04380000 		.word	14340
 332 01d8 D2370000 		.word	14290
 333 01dc 9F370000 		.word	14239
 334 01e0 6D370000 		.word	14189
 335 01e4 3B370000 		.word	14139
 336 01e8 0A370000 		.word	14090
 337 01ec D8360000 		.word	14040
 338 01f0 A7360000 		.word	13991
 339 01f4 76360000 		.word	13942
 340 01f8 45360000 		.word	13893
 341 01fc 14360000 		.word	13844
 342 0200 E4350000 		.word	13796
 343 0204 B4350000 		.word	13748
 344 0208 84350000 		.word	13700
 345 020c 54350000 		.word	13652
 346 0210 24350000 		.word	13604
 347 0214 F5340000 		.word	13557
 348 0218 C5340000 		.word	13509
 349 021c 96340000 		.word	13462
 350 0220 67340000 		.word	13415
 351 0224 38340000 		.word	13368
 352 0228 0A340000 		.word	13322
 353 022c DB330000 		.word	13275
 354 0230 AD330000 		.word	13229
 355 0234 7F330000 		.word	13183
 356 0238 51330000 		.word	13137
 357 023c 24330000 		.word	13092
 358 0240 F6320000 		.word	13046
 359 0244 C9320000 		.word	13001
 360 0248 9C320000 		.word	12956
 361 024c 6F320000 		.word	12911
 362 0250 42320000 		.word	12866
 363 0254 15320000 		.word	12821
 364 0258 E9310000 		.word	12777
 365 025c BD310000 		.word	12733
 366 0260 91310000 		.word	12689
 367 0264 65310000 		.word	12645
 368 0268 39310000 		.word	12601
 369 026c 0D310000 		.word	12557
 370 0270 E2300000 		.word	12514
ARM GAS  C:\Users\Pablo\AppData\Local\Temp\ccwQjiAy.s 			page 11


 371 0274 B7300000 		.word	12471
 372 0278 8C300000 		.word	12428
 373 027c 61300000 		.word	12385
 374 0280 36300000 		.word	12342
 375 0284 0C300000 		.word	12300
 376 0288 E12F0000 		.word	12257
 377 028c B72F0000 		.word	12215
 378 0290 8D2F0000 		.word	12173
 379 0294 632F0000 		.word	12131
 380 0298 392F0000 		.word	12089
 381 029c 102F0000 		.word	12048
 382 02a0 E62E0000 		.word	12006
 383 02a4 BD2E0000 		.word	11965
 384 02a8 942E0000 		.word	11924
 385 02ac 6B2E0000 		.word	11883
 386 02b0 422E0000 		.word	11842
 387 02b4 1A2E0000 		.word	11802
 388 02b8 F12D0000 		.word	11761
 389 02bc C92D0000 		.word	11721
 390 02c0 A12D0000 		.word	11681
 391 02c4 792D0000 		.word	11641
 392 02c8 512D0000 		.word	11601
 393 02cc 2A2D0000 		.word	11562
 394 02d0 022D0000 		.word	11522
 395 02d4 DB2C0000 		.word	11483
 396 02d8 B32C0000 		.word	11443
 397 02dc 8C2C0000 		.word	11404
 398 02e0 662C0000 		.word	11366
 399 02e4 3F2C0000 		.word	11327
 400 02e8 182C0000 		.word	11288
 401 02ec F22B0000 		.word	11250
 402 02f0 CB2B0000 		.word	11211
 403 02f4 A52B0000 		.word	11173
 404 02f8 7F2B0000 		.word	11135
 405 02fc 592B0000 		.word	11097
 406 0300 342B0000 		.word	11060
 407 0304 0E2B0000 		.word	11022
 408 0308 E92A0000 		.word	10985
 409 030c C42A0000 		.word	10948
 410 0310 9E2A0000 		.word	10910
 411 0314 792A0000 		.word	10873
 412 0318 552A0000 		.word	10837
 413 031c 302A0000 		.word	10800
 414 0320 0B2A0000 		.word	10763
 415 0324 E7290000 		.word	10727
 416 0328 C3290000 		.word	10691
 417 032c 9F290000 		.word	10655
 418 0330 7B290000 		.word	10619
 419 0334 57290000 		.word	10583
 420 0338 33290000 		.word	10547
 421 033c 0F290000 		.word	10511
 422 0340 EC280000 		.word	10476
 423 0344 C9280000 		.word	10441
 424 0348 A5280000 		.word	10405
 425 034c 82280000 		.word	10370
 426 0350 5F280000 		.word	10335
 427 0354 3D280000 		.word	10301
ARM GAS  C:\Users\Pablo\AppData\Local\Temp\ccwQjiAy.s 			page 12


 428 0358 1A280000 		.word	10266
 429 035c F8270000 		.word	10232
 430 0360 D5270000 		.word	10197
 431 0364 B3270000 		.word	10163
 432 0368 91270000 		.word	10129
 433 036c 6F270000 		.word	10095
 434 0370 4D270000 		.word	10061
 435 0374 2B270000 		.word	10027
 436 0378 0A270000 		.word	9994
 437 037c E8260000 		.word	9960
 438 0380 C7260000 		.word	9927
 439 0384 A6260000 		.word	9894
 440 0388 85260000 		.word	9861
 441 038c 64260000 		.word	9828
 442 0390 43260000 		.word	9795
 443 0394 22260000 		.word	9762
 444 0398 01260000 		.word	9729
 445 039c E1250000 		.word	9697
 446 03a0 C1250000 		.word	9665
 447 03a4 A0250000 		.word	9632
 448 03a8 80250000 		.word	9600
 449 03ac 60250000 		.word	9568
 450 03b0 40250000 		.word	9536
 451 03b4 21250000 		.word	9505
 452 03b8 01250000 		.word	9473
 453 03bc E2240000 		.word	9442
 454 03c0 C2240000 		.word	9410
 455 03c4 A3240000 		.word	9379
 456 03c8 84240000 		.word	9348
 457 03cc 65240000 		.word	9317
 458 03d0 46240000 		.word	9286
 459 03d4 27240000 		.word	9255
 460 03d8 09240000 		.word	9225
 461 03dc EA230000 		.word	9194
 462 03e0 CC230000 		.word	9164
 463 03e4 AD230000 		.word	9133
 464 03e8 8F230000 		.word	9103
 465 03ec 71230000 		.word	9073
 466 03f0 53230000 		.word	9043
 467 03f4 35230000 		.word	9013
 468 03f8 17230000 		.word	8983
 469 03fc FA220000 		.word	8954
 470 0400 DC220000 		.word	8924
 471 0404 BF220000 		.word	8895
 472 0408 A1220000 		.word	8865
 473 040c 84220000 		.word	8836
 474 0410 67220000 		.word	8807
 475 0414 4A220000 		.word	8778
 476 0418 2D220000 		.word	8749
 477 041c 10220000 		.word	8720
 478 0420 F4210000 		.word	8692
 479 0424 D7210000 		.word	8663
 480 0428 BB210000 		.word	8635
 481 042c 9E210000 		.word	8606
 482 0430 82210000 		.word	8578
 483 0434 66210000 		.word	8550
 484 0438 4A210000 		.word	8522
ARM GAS  C:\Users\Pablo\AppData\Local\Temp\ccwQjiAy.s 			page 13


 485 043c 2E210000 		.word	8494
 486 0440 12210000 		.word	8466
 487 0444 F7200000 		.word	8439
 488 0448 DB200000 		.word	8411
 489 044c C0200000 		.word	8384
 490 0450 A4200000 		.word	8356
 491 0454 89200000 		.word	8329
 492 0458 6E200000 		.word	8302
 493 045c 53200000 		.word	8275
 494 0460 38200000 		.word	8248
 495 0464 1D200000 		.word	8221
 496 0468 02200000 		.word	8194
 497 046c E71F0000 		.word	8167
 498 0470 CD1F0000 		.word	8141
 499 0474 B21F0000 		.word	8114
 500 0478 981F0000 		.word	8088
 501 047c 7D1F0000 		.word	8061
 502 0480 631F0000 		.word	8035
 503 0484 491F0000 		.word	8009
 504 0488 2F1F0000 		.word	7983
 505 048c 151F0000 		.word	7957
 506 0490 FB1E0000 		.word	7931
 507 0494 E21E0000 		.word	7906
 508 0498 C81E0000 		.word	7880
 509 049c AE1E0000 		.word	7854
 510 04a0 951E0000 		.word	7829
 511 04a4 7C1E0000 		.word	7804
 512 04a8 621E0000 		.word	7778
 513 04ac 491E0000 		.word	7753
 514 04b0 301E0000 		.word	7728
 515 04b4 171E0000 		.word	7703
 516 04b8 FE1D0000 		.word	7678
 517 04bc E61D0000 		.word	7654
 518 04c0 CD1D0000 		.word	7629
 519 04c4 B41D0000 		.word	7604
 520 04c8 9C1D0000 		.word	7580
 521 04cc 831D0000 		.word	7555
 522 04d0 6B1D0000 		.word	7531
 523 04d4 531D0000 		.word	7507
 524 04d8 3B1D0000 		.word	7483
 525 04dc 231D0000 		.word	7459
 526 04e0 0B1D0000 		.word	7435
 527 04e4 F31C0000 		.word	7411
 528 04e8 DB1C0000 		.word	7387
 529 04ec C31C0000 		.word	7363
 530 04f0 AC1C0000 		.word	7340
 531 04f4 941C0000 		.word	7316
 532 04f8 7D1C0000 		.word	7293
 533 04fc 651C0000 		.word	7269
 534 0500 4E1C0000 		.word	7246
 535 0504 371C0000 		.word	7223
 536 0508 201C0000 		.word	7200
 537 050c 091C0000 		.word	7177
 538 0510 F21B0000 		.word	7154
 539 0514 DB1B0000 		.word	7131
 540 0518 C41B0000 		.word	7108
 541 051c AD1B0000 		.word	7085
ARM GAS  C:\Users\Pablo\AppData\Local\Temp\ccwQjiAy.s 			page 14


 542 0520 971B0000 		.word	7063
 543 0524 801B0000 		.word	7040
 544 0528 6A1B0000 		.word	7018
 545 052c 531B0000 		.word	6995
 546 0530 3D1B0000 		.word	6973
 547 0534 271B0000 		.word	6951
 548 0538 111B0000 		.word	6929
 549 053c FB1A0000 		.word	6907
 550 0540 E51A0000 		.word	6885
 551 0544 CF1A0000 		.word	6863
 552 0548 B91A0000 		.word	6841
 553 054c A31A0000 		.word	6819
 554 0550 8E1A0000 		.word	6798
 555 0554 781A0000 		.word	6776
 556 0558 631A0000 		.word	6755
 557 055c 4D1A0000 		.word	6733
 558 0560 381A0000 		.word	6712
 559 0564 231A0000 		.word	6691
 560 0568 0D1A0000 		.word	6669
 561 056c F8190000 		.word	6648
 562 0570 E3190000 		.word	6627
 563 0574 CE190000 		.word	6606
 564 0578 B9190000 		.word	6585
 565 057c A5190000 		.word	6565
 566 0580 90190000 		.word	6544
 567 0584 7B190000 		.word	6523
 568 0588 67190000 		.word	6503
 569 058c 52190000 		.word	6482
 570 0590 3E190000 		.word	6462
 571 0594 29190000 		.word	6441
 572 0598 15190000 		.word	6421
 573 059c 01190000 		.word	6401
 574 05a0 ED180000 		.word	6381
 575 05a4 D9180000 		.word	6361
 576 05a8 C5180000 		.word	6341
 577 05ac B1180000 		.word	6321
 578 05b0 9D180000 		.word	6301
 579 05b4 89180000 		.word	6281
 580 05b8 75180000 		.word	6261
 581 05bc 62180000 		.word	6242
 582 05c0 4E180000 		.word	6222
 583 05c4 3B180000 		.word	6203
 584 05c8 27180000 		.word	6183
 585 05cc 14180000 		.word	6164
 586 05d0 01180000 		.word	6145
 587 05d4 ED170000 		.word	6125
 588 05d8 DA170000 		.word	6106
 589 05dc C7170000 		.word	6087
 590 05e0 B4170000 		.word	6068
 591 05e4 A1170000 		.word	6049
 592 05e8 8E170000 		.word	6030
 593 05ec 7C170000 		.word	6012
 594 05f0 69170000 		.word	5993
 595 05f4 56170000 		.word	5974
 596 05f8 43170000 		.word	5955
 597 05fc 31170000 		.word	5937
 598 0600 1E170000 		.word	5918
ARM GAS  C:\Users\Pablo\AppData\Local\Temp\ccwQjiAy.s 			page 15


 599 0604 0C170000 		.word	5900
 600 0608 FA160000 		.word	5882
 601 060c E7160000 		.word	5863
 602 0610 D5160000 		.word	5845
 603 0614 C3160000 		.word	5827
 604 0618 B1160000 		.word	5809
 605 061c 9F160000 		.word	5791
 606 0620 8D160000 		.word	5773
 607 0624 7B160000 		.word	5755
 608 0628 69160000 		.word	5737
 609 062c 58160000 		.word	5720
 610 0630 46160000 		.word	5702
 611 0634 34160000 		.word	5684
 612 0638 23160000 		.word	5667
 613 063c 11160000 		.word	5649
 614 0640 00160000 		.word	5632
 615 0644 EE150000 		.word	5614
 616 0648 DD150000 		.word	5597
 617 064c CC150000 		.word	5580
 618 0650 BA150000 		.word	5562
 619 0654 A9150000 		.word	5545
 620 0658 98150000 		.word	5528
 621 065c 87150000 		.word	5511
 622 0660 76150000 		.word	5494
 623 0664 65150000 		.word	5477
 624 0668 54150000 		.word	5460
 625 066c 44150000 		.word	5444
 626 0670 33150000 		.word	5427
 627 0674 22150000 		.word	5410
 628 0678 12150000 		.word	5394
 629 067c 01150000 		.word	5377
 630 0680 F1140000 		.word	5361
 631 0684 E0140000 		.word	5344
 632 0688 D0140000 		.word	5328
 633 068c BF140000 		.word	5311
 634 0690 AF140000 		.word	5295
 635 0694 9F140000 		.word	5279
 636 0698 8F140000 		.word	5263
 637 069c 7F140000 		.word	5247
 638 06a0 6F140000 		.word	5231
 639 06a4 5F140000 		.word	5215
 640 06a8 4F140000 		.word	5199
 641 06ac 3F140000 		.word	5183
 642 06b0 2F140000 		.word	5167
 643 06b4 1F140000 		.word	5151
 644 06b8 10140000 		.word	5136
 645 06bc 00140000 		.word	5120
 646 06c0 F0130000 		.word	5104
 647 06c4 E1130000 		.word	5089
 648 06c8 D1130000 		.word	5073
 649 06cc C2130000 		.word	5058
 650 06d0 B2130000 		.word	5042
 651 06d4 A3130000 		.word	5027
 652 06d8 94130000 		.word	5012
 653 06dc 85130000 		.word	4997
 654 06e0 75130000 		.word	4981
 655 06e4 66130000 		.word	4966
ARM GAS  C:\Users\Pablo\AppData\Local\Temp\ccwQjiAy.s 			page 16


 656 06e8 57130000 		.word	4951
 657 06ec 48130000 		.word	4936
 658 06f0 39130000 		.word	4921
 659 06f4 2A130000 		.word	4906
 660 06f8 1C130000 		.word	4892
 661 06fc 0D130000 		.word	4877
 662 0700 FE120000 		.word	4862
 663 0704 EF120000 		.word	4847
 664 0708 E1120000 		.word	4833
 665 070c D2120000 		.word	4818
 666 0710 C4120000 		.word	4804
 667 0714 B5120000 		.word	4789
 668 0718 A7120000 		.word	4775
 669 071c 98120000 		.word	4760
 670 0720 8A120000 		.word	4746
 671 0724 7C120000 		.word	4732
 672 0728 6D120000 		.word	4717
 673 072c 5F120000 		.word	4703
 674 0730 51120000 		.word	4689
 675 0734 43120000 		.word	4675
 676 0738 35120000 		.word	4661
 677 073c 27120000 		.word	4647
 678 0740 19120000 		.word	4633
 679 0744 0B120000 		.word	4619
 680 0748 FD110000 		.word	4605
 681 074c EF110000 		.word	4591
 682 0750 E1110000 		.word	4577
 683 0754 D4110000 		.word	4564
 684 0758 C6110000 		.word	4550
 685 075c B8110000 		.word	4536
 686 0760 AB110000 		.word	4523
 687 0764 9D110000 		.word	4509
 688 0768 90110000 		.word	4496
 689 076c 82110000 		.word	4482
 690 0770 75110000 		.word	4469
 691 0774 68110000 		.word	4456
 692 0778 5A110000 		.word	4442
 693 077c 4D110000 		.word	4429
 694 0780 40110000 		.word	4416
 695 0784 33110000 		.word	4403
 696 0788 26110000 		.word	4390
 697 078c 19110000 		.word	4377
 698 0790 0C110000 		.word	4364
 699 0794 FF100000 		.word	4351
 700 0798 F2100000 		.word	4338
 701 079c E5100000 		.word	4325
 702 07a0 D8100000 		.word	4312
 703 07a4 CB100000 		.word	4299
 704 07a8 BE100000 		.word	4286
 705 07ac B2100000 		.word	4274
 706 07b0 A5100000 		.word	4261
 707 07b4 98100000 		.word	4248
 708 07b8 8C100000 		.word	4236
 709 07bc 7F100000 		.word	4223
 710 07c0 73100000 		.word	4211
 711 07c4 66100000 		.word	4198
 712 07c8 5A100000 		.word	4186
ARM GAS  C:\Users\Pablo\AppData\Local\Temp\ccwQjiAy.s 			page 17


 713 07cc 4D100000 		.word	4173
 714 07d0 41100000 		.word	4161
 715              		.text
 716              	.Letext0:
 717              		.file 2 ".\\Generated_Source\\PSoC4\\cytypes.h"
 718              		.section	.debug_info,"",%progbits
 719              	.Ldebug_info0:
 720 0000 92010000 		.4byte	0x192
 721 0004 0400     		.2byte	0x4
 722 0006 00000000 		.4byte	.Ldebug_abbrev0
 723 000a 04       		.byte	0x4
 724 000b 01       		.uleb128 0x1
 725 000c 78000000 		.4byte	.LASF27
 726 0010 01       		.byte	0x1
 727 0011 5A010000 		.4byte	.LASF28
 728 0015 00000000 		.4byte	.LASF29
 729 0019 00000000 		.4byte	.Ldebug_ranges0+0
 730 001d 00000000 		.4byte	0
 731 0021 00000000 		.4byte	.Ldebug_line0
 732 0025 02       		.uleb128 0x2
 733 0026 01       		.byte	0x1
 734 0027 06       		.byte	0x6
 735 0028 04020000 		.4byte	.LASF0
 736 002c 02       		.uleb128 0x2
 737 002d 01       		.byte	0x1
 738 002e 08       		.byte	0x8
 739 002f FA000000 		.4byte	.LASF1
 740 0033 02       		.uleb128 0x2
 741 0034 02       		.byte	0x2
 742 0035 05       		.byte	0x5
 743 0036 D3010000 		.4byte	.LASF2
 744 003a 02       		.uleb128 0x2
 745 003b 02       		.byte	0x2
 746 003c 07       		.byte	0x7
 747 003d 5F000000 		.4byte	.LASF3
 748 0041 02       		.uleb128 0x2
 749 0042 04       		.byte	0x4
 750 0043 05       		.byte	0x5
 751 0044 F6010000 		.4byte	.LASF4
 752 0048 02       		.uleb128 0x2
 753 0049 04       		.byte	0x4
 754 004a 07       		.byte	0x7
 755 004b 0E010000 		.4byte	.LASF5
 756 004f 02       		.uleb128 0x2
 757 0050 08       		.byte	0x8
 758 0051 05       		.byte	0x5
 759 0052 C0010000 		.4byte	.LASF6
 760 0056 02       		.uleb128 0x2
 761 0057 08       		.byte	0x8
 762 0058 07       		.byte	0x7
 763 0059 94010000 		.4byte	.LASF7
 764 005d 03       		.uleb128 0x3
 765 005e 04       		.byte	0x4
 766 005f 05       		.byte	0x5
 767 0060 696E7400 		.ascii	"int\000"
 768 0064 02       		.uleb128 0x2
 769 0065 04       		.byte	0x4
ARM GAS  C:\Users\Pablo\AppData\Local\Temp\ccwQjiAy.s 			page 18


 770 0066 07       		.byte	0x7
 771 0067 87010000 		.4byte	.LASF8
 772 006b 04       		.uleb128 0x4
 773 006c 53010000 		.4byte	.LASF9
 774 0070 02       		.byte	0x2
 775 0071 A2       		.byte	0xa2
 776 0072 3A000000 		.4byte	0x3a
 777 0076 04       		.uleb128 0x4
 778 0077 80010000 		.4byte	.LASF10
 779 007b 02       		.byte	0x2
 780 007c A3       		.byte	0xa3
 781 007d 48000000 		.4byte	0x48
 782 0081 04       		.uleb128 0x4
 783 0082 08010000 		.4byte	.LASF11
 784 0086 02       		.byte	0x2
 785 0087 A5       		.byte	0xa5
 786 0088 33000000 		.4byte	0x33
 787 008c 04       		.uleb128 0x4
 788 008d 25010000 		.4byte	.LASF12
 789 0091 02       		.byte	0x2
 790 0092 A6       		.byte	0xa6
 791 0093 41000000 		.4byte	0x41
 792 0097 02       		.uleb128 0x2
 793 0098 04       		.byte	0x4
 794 0099 04       		.byte	0x4
 795 009a F4000000 		.4byte	.LASF13
 796 009e 02       		.uleb128 0x2
 797 009f 08       		.byte	0x8
 798 00a0 04       		.byte	0x4
 799 00a1 4C010000 		.4byte	.LASF14
 800 00a5 02       		.uleb128 0x2
 801 00a6 01       		.byte	0x1
 802 00a7 08       		.byte	0x8
 803 00a8 CE010000 		.4byte	.LASF15
 804 00ac 02       		.uleb128 0x2
 805 00ad 04       		.byte	0x4
 806 00ae 07       		.byte	0x7
 807 00af B7010000 		.4byte	.LASF16
 808 00b3 05       		.uleb128 0x5
 809 00b4 DD010000 		.4byte	.LASF21
 810 00b8 01       		.byte	0x1
 811 00b9 2A       		.byte	0x2a
 812 00ba 76000000 		.4byte	0x76
 813 00be 00000000 		.4byte	.LFB0
 814 00c2 2C000000 		.4byte	.LFE0-.LFB0
 815 00c6 01       		.uleb128 0x1
 816 00c7 9C       		.byte	0x9c
 817 00c8 09010000 		.4byte	0x109
 818 00cc 06       		.uleb128 0x6
 819 00cd 54000000 		.4byte	.LASF17
 820 00d1 01       		.byte	0x1
 821 00d2 2A       		.byte	0x2a
 822 00d3 81000000 		.4byte	0x81
 823 00d7 00000000 		.4byte	.LLST0
 824 00db 06       		.uleb128 0x6
 825 00dc AB010000 		.4byte	.LASF18
 826 00e0 01       		.byte	0x1
ARM GAS  C:\Users\Pablo\AppData\Local\Temp\ccwQjiAy.s 			page 19


 827 00e1 2A       		.byte	0x2a
 828 00e2 81000000 		.4byte	0x81
 829 00e6 21000000 		.4byte	.LLST1
 830 00ea 07       		.uleb128 0x7
 831 00eb FF010000 		.4byte	.LASF19
 832 00ef 01       		.byte	0x1
 833 00f0 2D       		.byte	0x2d
 834 00f1 8C000000 		.4byte	0x8c
 835 00f5 42000000 		.4byte	.LLST2
 836 00f9 07       		.uleb128 0x7
 837 00fa 20010000 		.4byte	.LASF20
 838 00fe 01       		.byte	0x1
 839 00ff 2E       		.byte	0x2e
 840 0100 81000000 		.4byte	0x81
 841 0104 69000000 		.4byte	.LLST3
 842 0108 00       		.byte	0
 843 0109 08       		.uleb128 0x8
 844 010a 2B010000 		.4byte	.LASF22
 845 010e 01       		.byte	0x1
 846 010f 56       		.byte	0x56
 847 0110 81000000 		.4byte	0x81
 848 0114 00000000 		.4byte	.LFB1
 849 0118 78000000 		.4byte	.LFE1-.LFB1
 850 011c 01       		.uleb128 0x1
 851 011d 9C       		.byte	0x9c
 852 011e 7F010000 		.4byte	0x17f
 853 0122 06       		.uleb128 0x6
 854 0123 FF010000 		.4byte	.LASF19
 855 0127 01       		.byte	0x1
 856 0128 56       		.byte	0x56
 857 0129 76000000 		.4byte	0x76
 858 012d 97000000 		.4byte	.LLST4
 859 0131 07       		.uleb128 0x7
 860 0132 45010000 		.4byte	.LASF23
 861 0136 01       		.byte	0x1
 862 0137 58       		.byte	0x58
 863 0138 81000000 		.4byte	0x81
 864 013c B8000000 		.4byte	.LLST5
 865 0140 09       		.uleb128 0x9
 866 0141 45000000 		.4byte	.LASF24
 867 0145 01       		.byte	0x1
 868 0146 59       		.byte	0x59
 869 0147 90010000 		.4byte	0x190
 870 014b 05       		.uleb128 0x5
 871 014c 03       		.byte	0x3
 872 014d 00000000 		.4byte	Thermistor_LUT.4662
 873 0151 0A       		.uleb128 0xa
 874 0152 6D696400 		.ascii	"mid\000"
 875 0156 01       		.byte	0x1
 876 0157 94       		.byte	0x94
 877 0158 6B000000 		.4byte	0x6b
 878 015c CF000000 		.4byte	.LLST6
 879 0160 07       		.uleb128 0x7
 880 0161 72000000 		.4byte	.LASF25
 881 0165 01       		.byte	0x1
 882 0166 95       		.byte	0x95
 883 0167 6B000000 		.4byte	0x6b
ARM GAS  C:\Users\Pablo\AppData\Local\Temp\ccwQjiAy.s 			page 20


 884 016b 12010000 		.4byte	.LLST7
 885 016f 07       		.uleb128 0x7
 886 0170 10020000 		.4byte	.LASF26
 887 0174 01       		.byte	0x1
 888 0175 96       		.byte	0x96
 889 0176 6B000000 		.4byte	0x6b
 890 017a 47010000 		.4byte	.LLST8
 891 017e 00       		.byte	0
 892 017f 0B       		.uleb128 0xb
 893 0180 76000000 		.4byte	0x76
 894 0184 90010000 		.4byte	0x190
 895 0188 0C       		.uleb128 0xc
 896 0189 AC000000 		.4byte	0xac
 897 018d F401     		.2byte	0x1f4
 898 018f 00       		.byte	0
 899 0190 0D       		.uleb128 0xd
 900 0191 7F010000 		.4byte	0x17f
 901 0195 00       		.byte	0
 902              		.section	.debug_abbrev,"",%progbits
 903              	.Ldebug_abbrev0:
 904 0000 01       		.uleb128 0x1
 905 0001 11       		.uleb128 0x11
 906 0002 01       		.byte	0x1
 907 0003 25       		.uleb128 0x25
 908 0004 0E       		.uleb128 0xe
 909 0005 13       		.uleb128 0x13
 910 0006 0B       		.uleb128 0xb
 911 0007 03       		.uleb128 0x3
 912 0008 0E       		.uleb128 0xe
 913 0009 1B       		.uleb128 0x1b
 914 000a 0E       		.uleb128 0xe
 915 000b 55       		.uleb128 0x55
 916 000c 17       		.uleb128 0x17
 917 000d 11       		.uleb128 0x11
 918 000e 01       		.uleb128 0x1
 919 000f 10       		.uleb128 0x10
 920 0010 17       		.uleb128 0x17
 921 0011 00       		.byte	0
 922 0012 00       		.byte	0
 923 0013 02       		.uleb128 0x2
 924 0014 24       		.uleb128 0x24
 925 0015 00       		.byte	0
 926 0016 0B       		.uleb128 0xb
 927 0017 0B       		.uleb128 0xb
 928 0018 3E       		.uleb128 0x3e
 929 0019 0B       		.uleb128 0xb
 930 001a 03       		.uleb128 0x3
 931 001b 0E       		.uleb128 0xe
 932 001c 00       		.byte	0
 933 001d 00       		.byte	0
 934 001e 03       		.uleb128 0x3
 935 001f 24       		.uleb128 0x24
 936 0020 00       		.byte	0
 937 0021 0B       		.uleb128 0xb
 938 0022 0B       		.uleb128 0xb
 939 0023 3E       		.uleb128 0x3e
 940 0024 0B       		.uleb128 0xb
ARM GAS  C:\Users\Pablo\AppData\Local\Temp\ccwQjiAy.s 			page 21


 941 0025 03       		.uleb128 0x3
 942 0026 08       		.uleb128 0x8
 943 0027 00       		.byte	0
 944 0028 00       		.byte	0
 945 0029 04       		.uleb128 0x4
 946 002a 16       		.uleb128 0x16
 947 002b 00       		.byte	0
 948 002c 03       		.uleb128 0x3
 949 002d 0E       		.uleb128 0xe
 950 002e 3A       		.uleb128 0x3a
 951 002f 0B       		.uleb128 0xb
 952 0030 3B       		.uleb128 0x3b
 953 0031 0B       		.uleb128 0xb
 954 0032 49       		.uleb128 0x49
 955 0033 13       		.uleb128 0x13
 956 0034 00       		.byte	0
 957 0035 00       		.byte	0
 958 0036 05       		.uleb128 0x5
 959 0037 2E       		.uleb128 0x2e
 960 0038 01       		.byte	0x1
 961 0039 3F       		.uleb128 0x3f
 962 003a 19       		.uleb128 0x19
 963 003b 03       		.uleb128 0x3
 964 003c 0E       		.uleb128 0xe
 965 003d 3A       		.uleb128 0x3a
 966 003e 0B       		.uleb128 0xb
 967 003f 3B       		.uleb128 0x3b
 968 0040 0B       		.uleb128 0xb
 969 0041 27       		.uleb128 0x27
 970 0042 19       		.uleb128 0x19
 971 0043 49       		.uleb128 0x49
 972 0044 13       		.uleb128 0x13
 973 0045 11       		.uleb128 0x11
 974 0046 01       		.uleb128 0x1
 975 0047 12       		.uleb128 0x12
 976 0048 06       		.uleb128 0x6
 977 0049 40       		.uleb128 0x40
 978 004a 18       		.uleb128 0x18
 979 004b 9642     		.uleb128 0x2116
 980 004d 19       		.uleb128 0x19
 981 004e 01       		.uleb128 0x1
 982 004f 13       		.uleb128 0x13
 983 0050 00       		.byte	0
 984 0051 00       		.byte	0
 985 0052 06       		.uleb128 0x6
 986 0053 05       		.uleb128 0x5
 987 0054 00       		.byte	0
 988 0055 03       		.uleb128 0x3
 989 0056 0E       		.uleb128 0xe
 990 0057 3A       		.uleb128 0x3a
 991 0058 0B       		.uleb128 0xb
 992 0059 3B       		.uleb128 0x3b
 993 005a 0B       		.uleb128 0xb
 994 005b 49       		.uleb128 0x49
 995 005c 13       		.uleb128 0x13
 996 005d 02       		.uleb128 0x2
 997 005e 17       		.uleb128 0x17
ARM GAS  C:\Users\Pablo\AppData\Local\Temp\ccwQjiAy.s 			page 22


 998 005f 00       		.byte	0
 999 0060 00       		.byte	0
 1000 0061 07       		.uleb128 0x7
 1001 0062 34       		.uleb128 0x34
 1002 0063 00       		.byte	0
 1003 0064 03       		.uleb128 0x3
 1004 0065 0E       		.uleb128 0xe
 1005 0066 3A       		.uleb128 0x3a
 1006 0067 0B       		.uleb128 0xb
 1007 0068 3B       		.uleb128 0x3b
 1008 0069 0B       		.uleb128 0xb
 1009 006a 49       		.uleb128 0x49
 1010 006b 13       		.uleb128 0x13
 1011 006c 02       		.uleb128 0x2
 1012 006d 17       		.uleb128 0x17
 1013 006e 00       		.byte	0
 1014 006f 00       		.byte	0
 1015 0070 08       		.uleb128 0x8
 1016 0071 2E       		.uleb128 0x2e
 1017 0072 01       		.byte	0x1
 1018 0073 3F       		.uleb128 0x3f
 1019 0074 19       		.uleb128 0x19
 1020 0075 03       		.uleb128 0x3
 1021 0076 0E       		.uleb128 0xe
 1022 0077 3A       		.uleb128 0x3a
 1023 0078 0B       		.uleb128 0xb
 1024 0079 3B       		.uleb128 0x3b
 1025 007a 0B       		.uleb128 0xb
 1026 007b 27       		.uleb128 0x27
 1027 007c 19       		.uleb128 0x19
 1028 007d 49       		.uleb128 0x49
 1029 007e 13       		.uleb128 0x13
 1030 007f 11       		.uleb128 0x11
 1031 0080 01       		.uleb128 0x1
 1032 0081 12       		.uleb128 0x12
 1033 0082 06       		.uleb128 0x6
 1034 0083 40       		.uleb128 0x40
 1035 0084 18       		.uleb128 0x18
 1036 0085 9742     		.uleb128 0x2117
 1037 0087 19       		.uleb128 0x19
 1038 0088 01       		.uleb128 0x1
 1039 0089 13       		.uleb128 0x13
 1040 008a 00       		.byte	0
 1041 008b 00       		.byte	0
 1042 008c 09       		.uleb128 0x9
 1043 008d 34       		.uleb128 0x34
 1044 008e 00       		.byte	0
 1045 008f 03       		.uleb128 0x3
 1046 0090 0E       		.uleb128 0xe
 1047 0091 3A       		.uleb128 0x3a
 1048 0092 0B       		.uleb128 0xb
 1049 0093 3B       		.uleb128 0x3b
 1050 0094 0B       		.uleb128 0xb
 1051 0095 49       		.uleb128 0x49
 1052 0096 13       		.uleb128 0x13
 1053 0097 02       		.uleb128 0x2
 1054 0098 18       		.uleb128 0x18
ARM GAS  C:\Users\Pablo\AppData\Local\Temp\ccwQjiAy.s 			page 23


 1055 0099 00       		.byte	0
 1056 009a 00       		.byte	0
 1057 009b 0A       		.uleb128 0xa
 1058 009c 34       		.uleb128 0x34
 1059 009d 00       		.byte	0
 1060 009e 03       		.uleb128 0x3
 1061 009f 08       		.uleb128 0x8
 1062 00a0 3A       		.uleb128 0x3a
 1063 00a1 0B       		.uleb128 0xb
 1064 00a2 3B       		.uleb128 0x3b
 1065 00a3 0B       		.uleb128 0xb
 1066 00a4 49       		.uleb128 0x49
 1067 00a5 13       		.uleb128 0x13
 1068 00a6 02       		.uleb128 0x2
 1069 00a7 17       		.uleb128 0x17
 1070 00a8 00       		.byte	0
 1071 00a9 00       		.byte	0
 1072 00aa 0B       		.uleb128 0xb
 1073 00ab 01       		.uleb128 0x1
 1074 00ac 01       		.byte	0x1
 1075 00ad 49       		.uleb128 0x49
 1076 00ae 13       		.uleb128 0x13
 1077 00af 01       		.uleb128 0x1
 1078 00b0 13       		.uleb128 0x13
 1079 00b1 00       		.byte	0
 1080 00b2 00       		.byte	0
 1081 00b3 0C       		.uleb128 0xc
 1082 00b4 21       		.uleb128 0x21
 1083 00b5 00       		.byte	0
 1084 00b6 49       		.uleb128 0x49
 1085 00b7 13       		.uleb128 0x13
 1086 00b8 2F       		.uleb128 0x2f
 1087 00b9 05       		.uleb128 0x5
 1088 00ba 00       		.byte	0
 1089 00bb 00       		.byte	0
 1090 00bc 0D       		.uleb128 0xd
 1091 00bd 26       		.uleb128 0x26
 1092 00be 00       		.byte	0
 1093 00bf 49       		.uleb128 0x49
 1094 00c0 13       		.uleb128 0x13
 1095 00c1 00       		.byte	0
 1096 00c2 00       		.byte	0
 1097 00c3 00       		.byte	0
 1098              		.section	.debug_loc,"",%progbits
 1099              	.Ldebug_loc0:
 1100              	.LLST0:
 1101 0000 00000000 		.4byte	.LVL0
 1102 0004 06000000 		.4byte	.LVL1
 1103 0008 0100     		.2byte	0x1
 1104 000a 50       		.byte	0x50
 1105 000b 06000000 		.4byte	.LVL1
 1106 000f 2C000000 		.4byte	.LFE0
 1107 0013 0400     		.2byte	0x4
 1108 0015 F3       		.byte	0xf3
 1109 0016 01       		.uleb128 0x1
 1110 0017 50       		.byte	0x50
 1111 0018 9F       		.byte	0x9f
ARM GAS  C:\Users\Pablo\AppData\Local\Temp\ccwQjiAy.s 			page 24


 1112 0019 00000000 		.4byte	0
 1113 001d 00000000 		.4byte	0
 1114              	.LLST1:
 1115 0021 00000000 		.4byte	.LVL0
 1116 0025 22000000 		.4byte	.LVL9
 1117 0029 0100     		.2byte	0x1
 1118 002b 51       		.byte	0x51
 1119 002c 22000000 		.4byte	.LVL9
 1120 0030 2C000000 		.4byte	.LFE0
 1121 0034 0400     		.2byte	0x4
 1122 0036 F3       		.byte	0xf3
 1123 0037 01       		.uleb128 0x1
 1124 0038 51       		.byte	0x51
 1125 0039 9F       		.byte	0x9f
 1126 003a 00000000 		.4byte	0
 1127 003e 00000000 		.4byte	0
 1128              	.LLST2:
 1129 0042 08000000 		.4byte	.LVL2
 1130 0046 20000000 		.4byte	.LVL8
 1131 004a 0100     		.2byte	0x1
 1132 004c 50       		.byte	0x50
 1133 004d 20000000 		.4byte	.LVL8
 1134 0051 25000000 		.4byte	.LVL10-1
 1135 0055 0A00     		.2byte	0xa
 1136 0057 70       		.byte	0x70
 1137 0058 00       		.sleb128 0
 1138 0059 73       		.byte	0x73
 1139 005a 00       		.sleb128 0
 1140 005b 40       		.byte	0x40
 1141 005c 24       		.byte	0x24
 1142 005d 40       		.byte	0x40
 1143 005e 26       		.byte	0x26
 1144 005f 1B       		.byte	0x1b
 1145 0060 9F       		.byte	0x9f
 1146 0061 00000000 		.4byte	0
 1147 0065 00000000 		.4byte	0
 1148              	.LLST3:
 1149 0069 0C000000 		.4byte	.LVL3
 1150 006d 16000000 		.4byte	.LVL4
 1151 0071 0600     		.2byte	0x6
 1152 0073 73       		.byte	0x73
 1153 0074 00       		.sleb128 0
 1154 0075 1F       		.byte	0x1f
 1155 0076 31       		.byte	0x31
 1156 0077 25       		.byte	0x25
 1157 0078 9F       		.byte	0x9f
 1158 0079 16000000 		.4byte	.LVL4
 1159 007d 18000000 		.4byte	.LVL5
 1160 0081 0100     		.2byte	0x1
 1161 0083 52       		.byte	0x52
 1162 0084 1C000000 		.4byte	.LVL6
 1163 0088 1E000000 		.4byte	.LVL7
 1164 008c 0100     		.2byte	0x1
 1165 008e 52       		.byte	0x52
 1166 008f 00000000 		.4byte	0
 1167 0093 00000000 		.4byte	0
 1168              	.LLST4:
ARM GAS  C:\Users\Pablo\AppData\Local\Temp\ccwQjiAy.s 			page 25


 1169 0097 00000000 		.4byte	.LVL11
 1170 009b 64000000 		.4byte	.LVL22
 1171 009f 0100     		.2byte	0x1
 1172 00a1 50       		.byte	0x50
 1173 00a2 64000000 		.4byte	.LVL22
 1174 00a6 78000000 		.4byte	.LFE1
 1175 00aa 0400     		.2byte	0x4
 1176 00ac F3       		.byte	0xf3
 1177 00ad 01       		.uleb128 0x1
 1178 00ae 50       		.byte	0x50
 1179 00af 9F       		.byte	0x9f
 1180 00b0 00000000 		.4byte	0
 1181 00b4 00000000 		.4byte	0
 1182              	.LLST5:
 1183 00b8 6A000000 		.4byte	.LVL23
 1184 00bc 6E000000 		.4byte	.LVL24
 1185 00c0 0500     		.2byte	0x5
 1186 00c2 73       		.byte	0x73
 1187 00c3 00       		.sleb128 0
 1188 00c4 3A       		.byte	0x3a
 1189 00c5 1E       		.byte	0x1e
 1190 00c6 9F       		.byte	0x9f
 1191 00c7 00000000 		.4byte	0
 1192 00cb 00000000 		.4byte	0
 1193              	.LLST6:
 1194 00cf 0E000000 		.4byte	.LVL13
 1195 00d3 16000000 		.4byte	.LVL14
 1196 00d7 0100     		.2byte	0x1
 1197 00d9 55       		.byte	0x55
 1198 00da 16000000 		.4byte	.LVL14
 1199 00de 22000000 		.4byte	.LVL15
 1200 00e2 0100     		.2byte	0x1
 1201 00e4 53       		.byte	0x53
 1202 00e5 22000000 		.4byte	.LVL15
 1203 00e9 26000000 		.4byte	.LVL17
 1204 00ed 0300     		.2byte	0x3
 1205 00ef 73       		.byte	0x73
 1206 00f0 7F       		.sleb128 -1
 1207 00f1 9F       		.byte	0x9f
 1208 00f2 28000000 		.4byte	.LVL18
 1209 00f6 2A000000 		.4byte	.LVL19
 1210 00fa 0100     		.2byte	0x1
 1211 00fc 53       		.byte	0x53
 1212 00fd 2A000000 		.4byte	.LVL19
 1213 0101 2C000000 		.4byte	.LVL20
 1214 0105 0300     		.2byte	0x3
 1215 0107 73       		.byte	0x73
 1216 0108 01       		.sleb128 1
 1217 0109 9F       		.byte	0x9f
 1218 010a 00000000 		.4byte	0
 1219 010e 00000000 		.4byte	0
 1220              	.LLST7:
 1221 0112 00000000 		.4byte	.LVL11
 1222 0116 08000000 		.4byte	.LVL12
 1223 011a 0200     		.2byte	0x2
 1224 011c 30       		.byte	0x30
 1225 011d 9F       		.byte	0x9f
ARM GAS  C:\Users\Pablo\AppData\Local\Temp\ccwQjiAy.s 			page 26


 1226 011e 08000000 		.4byte	.LVL12
 1227 0122 24000000 		.4byte	.LVL16
 1228 0126 0100     		.2byte	0x1
 1229 0128 54       		.byte	0x54
 1230 0129 24000000 		.4byte	.LVL16
 1231 012d 26000000 		.4byte	.LVL17
 1232 0131 0100     		.2byte	0x1
 1233 0133 53       		.byte	0x53
 1234 0134 26000000 		.4byte	.LVL17
 1235 0138 34000000 		.4byte	.LVL21
 1236 013c 0100     		.2byte	0x1
 1237 013e 54       		.byte	0x54
 1238 013f 00000000 		.4byte	0
 1239 0143 00000000 		.4byte	0
 1240              	.LLST8:
 1241 0147 00000000 		.4byte	.LVL11
 1242 014b 08000000 		.4byte	.LVL12
 1243 014f 0400     		.2byte	0x4
 1244 0151 0A       		.byte	0xa
 1245 0152 F401     		.2byte	0x1f4
 1246 0154 9F       		.byte	0x9f
 1247 0155 08000000 		.4byte	.LVL12
 1248 0159 2C000000 		.4byte	.LVL20
 1249 015d 0100     		.2byte	0x1
 1250 015f 52       		.byte	0x52
 1251 0160 2C000000 		.4byte	.LVL20
 1252 0164 6E000000 		.4byte	.LVL24
 1253 0168 0100     		.2byte	0x1
 1254 016a 53       		.byte	0x53
 1255 016b 00000000 		.4byte	0
 1256 016f 00000000 		.4byte	0
 1257              		.section	.debug_aranges,"",%progbits
 1258 0000 24000000 		.4byte	0x24
 1259 0004 0200     		.2byte	0x2
 1260 0006 00000000 		.4byte	.Ldebug_info0
 1261 000a 04       		.byte	0x4
 1262 000b 00       		.byte	0
 1263 000c 0000     		.2byte	0
 1264 000e 0000     		.2byte	0
 1265 0010 00000000 		.4byte	.LFB0
 1266 0014 2C000000 		.4byte	.LFE0-.LFB0
 1267 0018 00000000 		.4byte	.LFB1
 1268 001c 78000000 		.4byte	.LFE1-.LFB1
 1269 0020 00000000 		.4byte	0
 1270 0024 00000000 		.4byte	0
 1271              		.section	.debug_ranges,"",%progbits
 1272              	.Ldebug_ranges0:
 1273 0000 00000000 		.4byte	.LFB0
 1274 0004 2C000000 		.4byte	.LFE0
 1275 0008 00000000 		.4byte	.LFB1
 1276 000c 78000000 		.4byte	.LFE1
 1277 0010 00000000 		.4byte	0
 1278 0014 00000000 		.4byte	0
 1279              		.section	.debug_line,"",%progbits
 1280              	.Ldebug_line0:
 1281 0000 C3000000 		.section	.debug_str,"MS",%progbits,1
 1281      02004900 
ARM GAS  C:\Users\Pablo\AppData\Local\Temp\ccwQjiAy.s 			page 27


 1281      00000201 
 1281      FB0E0D00 
 1281      01010101 
 1282              	.LASF29:
 1283 0000 433A5C55 		.ascii	"C:\\Users\\Pablo\\Projects\\EzTempRH-for-Raspberry-"
 1283      73657273 
 1283      5C506162 
 1283      6C6F5C50 
 1283      726F6A65 
 1284 002f 50695C66 		.ascii	"Pi\\firmware\\app.cydsn\000"
 1284      69726D77 
 1284      6172655C 
 1284      6170702E 
 1284      63796473 
 1285              	.LASF24:
 1286 0045 54686572 		.ascii	"Thermistor_LUT\000"
 1286      6D697374 
 1286      6F725F4C 
 1286      555400
 1287              	.LASF17:
 1288 0054 76526566 		.ascii	"vReference\000"
 1288      6572656E 
 1288      636500
 1289              	.LASF3:
 1290 005f 73686F72 		.ascii	"short unsigned int\000"
 1290      7420756E 
 1290      7369676E 
 1290      65642069 
 1290      6E7400
 1291              	.LASF25:
 1292 0072 66697273 		.ascii	"first\000"
 1292      7400
 1293              	.LASF27:
 1294 0078 474E5520 		.ascii	"GNU C 4.8.4 20140526 (release) [ARM/embedded-4_8-br"
 1294      4320342E 
 1294      382E3420 
 1294      32303134 
 1294      30353236 
 1295 00ab 616E6368 		.ascii	"anch revision 211358] -mcpu=cortex-m0 -mthumb -g -O"
 1295      20726576 
 1295      6973696F 
 1295      6E203231 
 1295      31333538 
 1296 00de 73202D66 		.ascii	"s -ffunction-sections\000"
 1296      66756E63 
 1296      74696F6E 
 1296      2D736563 
 1296      74696F6E 
 1297              	.LASF13:
 1298 00f4 666C6F61 		.ascii	"float\000"
 1298      7400
 1299              	.LASF1:
 1300 00fa 756E7369 		.ascii	"unsigned char\000"
 1300      676E6564 
 1300      20636861 
 1300      7200
 1301              	.LASF11:
ARM GAS  C:\Users\Pablo\AppData\Local\Temp\ccwQjiAy.s 			page 28


 1302 0108 696E7431 		.ascii	"int16\000"
 1302      3600
 1303              	.LASF5:
 1304 010e 6C6F6E67 		.ascii	"long unsigned int\000"
 1304      20756E73 
 1304      69676E65 
 1304      6420696E 
 1304      7400
 1305              	.LASF20:
 1306 0120 74656D70 		.ascii	"temp\000"
 1306      00
 1307              	.LASF12:
 1308 0125 696E7433 		.ascii	"int32\000"
 1308      3200
 1309              	.LASF22:
 1310 012b 54686572 		.ascii	"Thermistor_GetTemperature\000"
 1310      6D697374 
 1310      6F725F47 
 1310      65745465 
 1310      6D706572 
 1311              	.LASF23:
 1312 0145 74656D70 		.ascii	"tempTR\000"
 1312      545200
 1313              	.LASF14:
 1314 014c 646F7562 		.ascii	"double\000"
 1314      6C6500
 1315              	.LASF9:
 1316 0153 75696E74 		.ascii	"uint16\000"
 1316      313600
 1317              	.LASF28:
 1318 015a 2E5C4765 		.ascii	".\\Generated_Source\\PSoC4\\Thermistor.c\000"
 1318      6E657261 
 1318      7465645F 
 1318      536F7572 
 1318      63655C50 
 1319              	.LASF10:
 1320 0180 75696E74 		.ascii	"uint32\000"
 1320      333200
 1321              	.LASF8:
 1322 0187 756E7369 		.ascii	"unsigned int\000"
 1322      676E6564 
 1322      20696E74 
 1322      00
 1323              	.LASF7:
 1324 0194 6C6F6E67 		.ascii	"long long unsigned int\000"
 1324      206C6F6E 
 1324      6720756E 
 1324      7369676E 
 1324      65642069 
 1325              	.LASF18:
 1326 01ab 76546865 		.ascii	"vThermistor\000"
 1326      726D6973 
 1326      746F7200 
 1327              	.LASF16:
 1328 01b7 73697A65 		.ascii	"sizetype\000"
 1328      74797065 
 1328      00
ARM GAS  C:\Users\Pablo\AppData\Local\Temp\ccwQjiAy.s 			page 29


 1329              	.LASF6:
 1330 01c0 6C6F6E67 		.ascii	"long long int\000"
 1330      206C6F6E 
 1330      6720696E 
 1330      7400
 1331              	.LASF15:
 1332 01ce 63686172 		.ascii	"char\000"
 1332      00
 1333              	.LASF2:
 1334 01d3 73686F72 		.ascii	"short int\000"
 1334      7420696E 
 1334      7400
 1335              	.LASF21:
 1336 01dd 54686572 		.ascii	"Thermistor_GetResistance\000"
 1336      6D697374 
 1336      6F725F47 
 1336      65745265 
 1336      73697374 
 1337              	.LASF4:
 1338 01f6 6C6F6E67 		.ascii	"long int\000"
 1338      20696E74 
 1338      00
 1339              	.LASF19:
 1340 01ff 72657354 		.ascii	"resT\000"
 1340      00
 1341              	.LASF0:
 1342 0204 7369676E 		.ascii	"signed char\000"
 1342      65642063 
 1342      68617200 
 1343              	.LASF26:
 1344 0210 6C617374 		.ascii	"last\000"
 1344      00
 1345              		.ident	"GCC: (GNU Tools for ARM Embedded Processors) 4.8.4 20140526 (release) [ARM/embedded-4_8-br
